[2026-02-27 13:51:45][INFO][Server] listening on port 8080
[2026-02-27 13:51:46][INFO][Monitor] CPU=0.000000% Mem=3.972656MB TPS=0
[2026-02-27 13:51:47][INFO][Monitor] CPU=0.000000% Mem=3.980469MB TPS=0
[2026-02-27 13:51:48][INFO][Monitor] CPU=0.000000% Mem=3.984375MB TPS=0
[2026-02-27 13:51:49][INFO][Monitor] CPU=0.000000% Mem=3.984375MB TPS=0
[2026-02-27 13:51:50][INFO][Monitor] CPU=0.000000% Mem=3.984375MB TPS=0
[2026-02-27 13:51:51][INFO][Monitor] CPU=1.992364% Mem=3.984375MB TPS=0
[2026-02-27 13:51:51][INFO]Shutting down...
[2026-02-27 13:51:52][INFO][Monitor] CPU=0.000000% Mem=4.113281MB TPS=0
[2026-03-05 13:16:29][INFO] [Server] listening on port 8080
[2026-03-05 13:16:30][INFO] [Monitor] CPU=0.000000% Mem=4.050781MB TPS=0
[2026-03-05 13:16:30][INFO] [AsyncLogger] log level updated
[2026-03-05 13:16:31][INFO] [Monitor] CPU=0.000000% Mem=4.203125MB TPS=0
[2026-03-05 13:16:32][INFO] [Monitor] CPU=0.000000% Mem=4.207031MB TPS=0
[2026-03-05 13:16:33][INFO] [Monitor] CPU=0.000000% Mem=4.207031MB TPS=0
[2026-03-05 13:16:34][INFO] [Monitor] CPU=0.000000% Mem=4.207031MB TPS=0
[2026-03-05 13:16:35][INFO] [Monitor] CPU=1.999168% Mem=4.207031MB TPS=0
[2026-03-05 13:16:36][INFO] [Monitor] CPU=0.000000% Mem=4.207031MB TPS=0
[2026-03-05 13:16:37][INFO] [Monitor] CPU=0.000000% Mem=4.207031MB TPS=0
[2026-03-05 13:16:38][INFO] [Monitor] CPU=0.998605% Mem=4.207031MB TPS=0
[2026-03-05 13:16:39][INFO] [Monitor] CPU=0.000000% Mem=4.207031MB TPS=0
[2026-03-05 13:16:40][INFO] [Monitor] CPU=0.000000% Mem=4.207031MB TPS=0
[2026-03-05 13:16:41][INFO] [Monitor] CPU=0.000000% Mem=4.207031MB TPS=0
[2026-03-05 13:16:42][INFO] [Monitor] CPU=0.998782% Mem=4.207031MB TPS=0
[2026-03-05 13:16:43][INFO] [Monitor] CPU=0.000000% Mem=4.207031MB TPS=0
[2026-03-05 13:16:44][INFO] [Monitor] CPU=0.000000% Mem=4.207031MB TPS=0
[2026-03-05 13:16:45][INFO] [Monitor] CPU=1.989357% Mem=4.207031MB TPS=0
[2026-03-05 13:16:46][INFO] [Monitor] CPU=0.000000% Mem=4.207031MB TPS=0
[2026-03-05 13:16:47][INFO] [Monitor] CPU=0.000000% Mem=4.207031MB TPS=0
[2026-03-05 13:16:48][INFO] [Monitor] CPU=0.000000% Mem=4.207031MB TPS=0
[2026-03-05 13:16:49][INFO] [Monitor] CPU=0.999332% Mem=4.207031MB TPS=0
[2026-03-05 13:16:50][INFO] [Monitor] CPU=0.000000% Mem=4.207031MB TPS=0
[2026-03-05 13:16:51][INFO] [Monitor] CPU=0.998015% Mem=4.207031MB TPS=0
[2026-03-05 13:16:52][INFO] [Monitor] CPU=0.995614% Mem=4.207031MB TPS=0
[2026-03-05 13:16:53][INFO] [Monitor] CPU=0.000000% Mem=4.207031MB TPS=0
[2026-03-05 13:16:54][INFO] [Monitor] CPU=0.999691% Mem=4.207031MB TPS=0
[2026-03-05 13:16:55][INFO] [Monitor] CPU=0.000000% Mem=4.207031MB TPS=0
[2026-03-05 13:16:56][INFO] [Monitor] CPU=0.000000% Mem=4.207031MB TPS=0
[2026-03-05 13:16:57][INFO] Shutting down...
[2026-03-05 13:16:57][INFO] [Monitor] CPU=0.997154% Mem=4.339844MB TPS=0
[2026-03-05 13:16:57][INFO] [Server] stopped.
[2026-03-05 13:17:47][INFO] [Server] listening on port 8080
[2026-03-05 13:17:48][INFO] [Monitor] CPU=0.000000% Mem=4.054688MB TPS=0
[2026-03-05 13:17:48][INFO] [AsyncLogger] log level updated
[2026-03-05 13:17:49][INFO] [Monitor] CPU=0.000000% Mem=4.207031MB TPS=0
[2026-03-05 13:17:50][INFO] [Monitor] CPU=0.000000% Mem=4.210938MB TPS=0
[2026-03-05 13:17:51][INFO] [Monitor] CPU=0.000000% Mem=4.210938MB TPS=0
[2026-03-05 13:17:52][INFO] [Monitor] CPU=48.976488% Mem=4.281250MB TPS=4945
[2026-03-05 13:17:53][INFO] [Monitor] CPU=85.959636% Mem=4.281250MB TPS=7906
[2026-03-05 13:17:54][INFO] [Monitor] CPU=88.964854% Mem=4.281250MB TPS=7476
[2026-03-05 13:17:55][INFO] [Monitor] CPU=79.971995% Mem=4.281250MB TPS=6914
[2026-03-05 13:17:56][INFO] [Monitor] CPU=75.879569% Mem=4.285156MB TPS=9216
[2026-03-05 13:17:57][INFO] [Monitor] CPU=64.964392% Mem=4.285156MB TPS=7958
[2026-03-05 13:17:58][INFO] [Monitor] CPU=61.934045% Mem=4.285156MB TPS=7401
[2026-03-05 13:17:59][INFO] [Monitor] CPU=63.971254% Mem=4.285156MB TPS=5933
[2026-03-05 13:18:00][INFO] [Monitor] CPU=62.947305% Mem=4.285156MB TPS=5267
[2026-03-05 13:18:01][INFO] [Monitor] CPU=74.560981% Mem=4.285156MB TPS=6129
[2026-03-05 13:18:02][INFO] [Monitor] CPU=76.977714% Mem=4.289062MB TPS=6834
[2026-03-05 13:18:03][INFO] [Monitor] CPU=73.802282% Mem=4.289062MB TPS=6245
[2026-03-05 13:18:04][INFO] [Monitor] CPU=74.968500% Mem=4.289062MB TPS=6634
[2026-03-05 13:18:05][INFO] [Monitor] CPU=67.905471% Mem=4.289062MB TPS=6759
[2026-03-05 13:18:06][INFO] [Monitor] CPU=69.961082% Mem=4.289062MB TPS=8607
[2026-03-05 13:18:07][INFO] [Monitor] CPU=66.963279% Mem=4.289062MB TPS=9010
[2026-03-05 13:18:08][INFO] [Monitor] CPU=70.791321% Mem=4.289062MB TPS=6225
[2026-03-05 13:18:09][INFO] [Monitor] CPU=61.973336% Mem=4.289062MB TPS=7479
[2026-03-05 13:18:10][INFO] [Monitor] CPU=66.880327% Mem=4.289062MB TPS=7769
[2026-03-05 13:18:11][INFO] [Monitor] CPU=73.977919% Mem=4.289062MB TPS=9905
[2026-03-05 13:18:12][INFO] [Monitor] CPU=65.987183% Mem=4.289062MB TPS=6143
[2026-03-05 13:18:13][INFO] [Monitor] CPU=62.951553% Mem=4.292969MB TPS=6732
[2026-03-05 13:18:14][INFO] [Monitor] CPU=74.959412% Mem=4.292969MB TPS=12821
[2026-03-05 13:18:14][INFO] [ConfigManager] updating thread_num: 4 -> 8
[2026-03-05 13:18:15][INFO] [Monitor] CPU=71.982477% Mem=4.355469MB TPS=6127
[2026-03-05 13:18:16][INFO] [Monitor] CPU=74.930194% Mem=4.355469MB TPS=6973
[2026-03-05 13:18:17][INFO] [Monitor] CPU=88.948460% Mem=4.355469MB TPS=8743
[2026-03-05 13:18:18][INFO] [Monitor] CPU=95.912227% Mem=4.355469MB TPS=9011
[2026-03-05 13:18:19][INFO] [Monitor] CPU=95.935398% Mem=4.355469MB TPS=9065
[2026-03-05 13:18:20][INFO] [Monitor] CPU=72.970068% Mem=4.355469MB TPS=6517
[2026-03-05 13:18:21][INFO] [Monitor] CPU=80.971103% Mem=4.355469MB TPS=7426
[2026-03-05 13:18:22][INFO] [Monitor] CPU=88.970783% Mem=4.355469MB TPS=8989
[2026-03-05 13:18:23][INFO] [Monitor] CPU=93.974731% Mem=4.355469MB TPS=8875
[2026-03-05 13:18:24][INFO] [Monitor] CPU=92.950827% Mem=4.355469MB TPS=9420
[2026-03-05 13:18:25][INFO] [Monitor] CPU=96.939705% Mem=4.355469MB TPS=9184
[2026-03-05 13:18:26][INFO] [Monitor] CPU=96.981793% Mem=4.355469MB TPS=9071
[2026-03-05 13:18:27][INFO] [Monitor] CPU=90.947007% Mem=4.355469MB TPS=8610
[2026-03-05 13:18:28][INFO] [Monitor] CPU=70.939277% Mem=4.355469MB TPS=6753
[2026-03-05 13:18:29][INFO] [Monitor] CPU=81.938029% Mem=4.355469MB TPS=7072
[2026-03-05 13:18:30][INFO] [Monitor] CPU=72.964238% Mem=4.355469MB TPS=6475
[2026-03-05 13:18:31][INFO] [Monitor] CPU=80.959603% Mem=4.355469MB TPS=7824
[2026-03-05 13:18:32][INFO] [Monitor] CPU=91.967403% Mem=4.355469MB TPS=9004
[2026-03-05 13:18:33][INFO] [Monitor] CPU=95.863284% Mem=4.355469MB TPS=9173
[2026-03-05 13:18:34][INFO] [Monitor] CPU=82.953104% Mem=4.355469MB TPS=8148
[2026-03-05 13:18:35][INFO] [Monitor] CPU=95.966269% Mem=4.355469MB TPS=9019
[2026-03-05 13:18:36][INFO] [Monitor] CPU=90.953677% Mem=4.355469MB TPS=9090
[2026-03-05 13:18:37][INFO] [Monitor] CPU=80.973071% Mem=4.355469MB TPS=7951
[2026-03-05 13:18:38][INFO] [Monitor] CPU=86.906660% Mem=4.355469MB TPS=8482
[2026-03-05 13:18:39][INFO] [Monitor] CPU=93.967437% Mem=4.355469MB TPS=9019
[2026-03-05 13:18:40][INFO] [Monitor] CPU=97.948622% Mem=4.355469MB TPS=9194
[2026-03-05 13:18:41][INFO] [Monitor] CPU=97.951345% Mem=4.355469MB TPS=9201
[2026-03-05 13:18:42][INFO] [Monitor] CPU=84.972639% Mem=4.355469MB TPS=8692
[2026-03-05 13:18:43][INFO] [Monitor] CPU=87.955247% Mem=4.355469MB TPS=8415
[2026-03-05 13:18:44][INFO] [Monitor] CPU=76.966426% Mem=4.355469MB TPS=8173
[2026-03-05 13:18:45][INFO] [Monitor] CPU=74.975233% Mem=4.355469MB TPS=6594
[2026-03-05 13:18:46][INFO] [Monitor] CPU=85.927523% Mem=4.355469MB TPS=7707
[2026-03-05 13:18:47][INFO] [Monitor] CPU=90.977696% Mem=4.355469MB TPS=8739
[2026-03-05 13:18:48][INFO] [Monitor] CPU=83.973955% Mem=4.355469MB TPS=7517
[2026-03-05 13:18:49][INFO] [Monitor] CPU=77.977160% Mem=4.355469MB TPS=7522
[2026-03-05 13:18:50][INFO] [Monitor] CPU=72.936811% Mem=4.355469MB TPS=6935
[2026-03-05 13:18:51][INFO] [Monitor] CPU=67.948408% Mem=4.355469MB TPS=7016
[2026-03-05 13:18:52][INFO] [Monitor] CPU=60.938349% Mem=4.355469MB TPS=6835
[2026-03-05 13:18:53][INFO] [Monitor] CPU=73.963818% Mem=4.355469MB TPS=10453
[2026-03-05 13:18:54][INFO] [Monitor] CPU=69.913350% Mem=4.355469MB TPS=6789
[2026-03-05 13:18:55][INFO] [Monitor] CPU=61.934432% Mem=4.355469MB TPS=7626
[2026-03-05 13:18:56][INFO] [Monitor] CPU=50.962194% Mem=4.355469MB TPS=6370
[2026-03-05 13:18:57][INFO] [Monitor] CPU=65.941542% Mem=4.355469MB TPS=5734
[2026-03-05 13:18:58][INFO] [Monitor] CPU=80.847021% Mem=4.355469MB TPS=8583
[2026-03-05 13:18:59][INFO] [Monitor] CPU=79.986550% Mem=4.355469MB TPS=6984
[2026-03-05 13:19:00][INFO] [Monitor] CPU=78.947659% Mem=4.355469MB TPS=6855
[2026-03-05 13:19:01][INFO] [Monitor] CPU=73.950816% Mem=4.355469MB TPS=7652
[2026-03-05 13:19:02][INFO] [Monitor] CPU=73.904278% Mem=4.355469MB TPS=6830
[2026-03-05 13:19:03][INFO] [Monitor] CPU=76.940320% Mem=4.355469MB TPS=6815
[2026-03-05 13:19:04][INFO] [Monitor] CPU=65.940045% Mem=4.355469MB TPS=7213
[2026-03-05 13:19:05][INFO] [Monitor] CPU=69.970874% Mem=4.355469MB TPS=6051
[2026-03-05 13:19:06][INFO] [Monitor] CPU=72.954378% Mem=4.355469MB TPS=6925
[2026-03-05 13:19:07][INFO] [Monitor] CPU=65.926029% Mem=4.355469MB TPS=6560
[2026-03-05 13:19:08][INFO] [Monitor] CPU=72.896033% Mem=4.355469MB TPS=8016
[2026-03-05 13:19:09][INFO] [Monitor] CPU=74.944235% Mem=4.355469MB TPS=6672
[2026-03-05 13:19:21][INFO] [AsyncLogger] log level updated
[2026-03-05 13:19:22][INFO] [Monitor] CPU=73.955419% Mem=4.355469MB TPS=6437
[2026-03-05 13:19:23][INFO] [Monitor] CPU=70.798713% Mem=4.355469MB TPS=5972
[2026-03-05 13:19:24][INFO] [Monitor] CPU=85.726424% Mem=4.355469MB TPS=7690
[2026-03-05 13:19:25][INFO] [Monitor] CPU=94.970333% Mem=4.355469MB TPS=8715
[2026-03-05 13:19:26][INFO] [Monitor] CPU=91.952547% Mem=4.355469MB TPS=8705
[2026-03-05 13:19:27][INFO] [Monitor] CPU=93.898546% Mem=4.355469MB TPS=8793
[2026-03-05 13:19:28][INFO] [Monitor] CPU=76.881060% Mem=4.355469MB TPS=8350
[2026-03-05 13:19:29][INFO] [Monitor] CPU=85.954746% Mem=4.355469MB TPS=8920
[2026-03-05 13:19:30][INFO] [Monitor] CPU=94.955948% Mem=4.355469MB TPS=8685
[2026-03-05 13:19:31][INFO] [Monitor] CPU=96.911366% Mem=4.355469MB TPS=8967
[2026-03-05 13:19:32][INFO] [Monitor] CPU=94.937720% Mem=4.355469MB TPS=8848
[2026-03-05 13:19:33][INFO] [Monitor] CPU=92.967163% Mem=4.355469MB TPS=8671
[2026-03-05 13:19:34][INFO] [Monitor] CPU=94.967699% Mem=4.355469MB TPS=8855
[2026-03-05 13:19:35][INFO] [Monitor] CPU=93.962270% Mem=4.355469MB TPS=9011
[2026-03-05 13:19:36][INFO] [Monitor] CPU=79.938481% Mem=4.355469MB TPS=7958
[2026-03-05 13:19:37][INFO] [Monitor] CPU=67.762723% Mem=4.355469MB TPS=9775
[2026-03-05 13:19:38][INFO] [Monitor] CPU=61.847173% Mem=4.355469MB TPS=6368
[2026-03-05 13:19:39][INFO] [Monitor] CPU=73.849764% Mem=4.355469MB TPS=5433
[2026-03-05 13:19:40][INFO] [Monitor] CPU=68.843498% Mem=4.355469MB TPS=3759
[2026-03-05 13:19:41][INFO] [Monitor] CPU=75.507751% Mem=4.355469MB TPS=4576
[2026-03-05 13:19:42][INFO] [Monitor] CPU=83.071017% Mem=4.355469MB TPS=5070
[2026-03-05 13:19:43][INFO] [Monitor] CPU=70.878262% Mem=4.355469MB TPS=4867
[2026-03-05 13:19:44][INFO] [Monitor] CPU=74.963228% Mem=4.355469MB TPS=4397
[2026-03-05 13:19:45][INFO] [Monitor] CPU=76.772041% Mem=4.355469MB TPS=4432
[2026-03-05 13:19:46][INFO] [Monitor] CPU=76.846828% Mem=4.355469MB TPS=4323
[2026-03-05 13:19:47][INFO] [Monitor] CPU=72.790200% Mem=4.355469MB TPS=4379
[2026-03-05 13:19:48][INFO] [Monitor] CPU=76.972310% Mem=4.355469MB TPS=4206
[2026-03-05 13:19:49][INFO] [Monitor] CPU=79.920271% Mem=4.355469MB TPS=4481
[2026-03-05 13:19:50][INFO] [Monitor] CPU=74.977087% Mem=4.355469MB TPS=4214
[2026-03-05 13:19:51][INFO] [Monitor] CPU=77.877638% Mem=4.355469MB TPS=4672
[2026-03-05 13:19:52][INFO] [Monitor] CPU=75.861012% Mem=4.355469MB TPS=5071
[2026-03-05 13:19:53][INFO] [Monitor] CPU=70.947326% Mem=4.355469MB TPS=4339
[2026-03-05 13:19:54][INFO] [Monitor] CPU=72.961877% Mem=4.355469MB TPS=4131
[2026-03-05 13:19:55][INFO] [Monitor] CPU=77.881027% Mem=4.355469MB TPS=4315
[2026-03-05 13:19:56][INFO] [Monitor] CPU=81.918005% Mem=4.355469MB TPS=4582
[2026-03-05 13:19:57][INFO] [Monitor] CPU=75.972982% Mem=4.355469MB TPS=4366
[2026-03-05 13:19:58][INFO] [Monitor] CPU=69.909468% Mem=4.355469MB TPS=4258
[2026-03-05 13:19:59][INFO] [Monitor] CPU=78.929592% Mem=4.355469MB TPS=4546
[2026-03-05 13:20:00][INFO] [Monitor] CPU=69.970805% Mem=4.355469MB TPS=4224
[2026-03-05 13:20:01][INFO] [Monitor] CPU=73.970144% Mem=4.355469MB TPS=4233
[2026-03-05 13:20:02][INFO] [Monitor] CPU=77.923289% Mem=4.355469MB TPS=4514
[2026-03-05 13:20:03][INFO] [Monitor] CPU=77.933699% Mem=4.355469MB TPS=4662
[2026-03-05 13:20:04][INFO] [Monitor] CPU=71.900366% Mem=4.355469MB TPS=3543
[2026-03-05 13:20:05][INFO] [Monitor] CPU=76.939117% Mem=4.355469MB TPS=4121
[2026-03-05 13:20:06][INFO] [Monitor] CPU=79.925314% Mem=4.355469MB TPS=4020
[2026-03-05 13:20:07][INFO] [Monitor] CPU=79.849369% Mem=4.355469MB TPS=4321
[2026-03-05 13:20:08][INFO] [Monitor] CPU=66.136636% Mem=4.355469MB TPS=2990
[2026-03-05 13:20:09][INFO] [Monitor] CPU=79.935780% Mem=4.355469MB TPS=3880
[2026-03-05 13:20:10][INFO] [Monitor] CPU=77.921167% Mem=4.355469MB TPS=4172
[2026-03-05 13:20:11][INFO] [Monitor] CPU=67.855441% Mem=4.355469MB TPS=3682
[2026-03-05 13:20:12][INFO] [Monitor] CPU=70.867516% Mem=4.355469MB TPS=4021
[2026-03-05 13:20:13][INFO] [Monitor] CPU=71.887237% Mem=4.355469MB TPS=4010
[2026-03-05 13:20:14][INFO] [Monitor] CPU=76.945705% Mem=4.355469MB TPS=4234
[2026-03-05 13:20:15][INFO] [Monitor] CPU=61.869833% Mem=4.355469MB TPS=3216
[2026-03-05 13:20:16][INFO] [Monitor] CPU=0.000000% Mem=4.355469MB TPS=0
[2026-03-05 13:20:17][INFO] [Monitor] CPU=0.000000% Mem=4.355469MB TPS=0
[2026-03-05 13:20:18][INFO] [Monitor] CPU=0.999339% Mem=4.355469MB TPS=0
[2026-03-05 13:20:19][INFO] [Monitor] CPU=0.000000% Mem=4.355469MB TPS=0
[2026-03-05 13:20:20][INFO] [Monitor] CPU=0.000000% Mem=4.355469MB TPS=0
[2026-03-05 13:20:21][INFO] [Monitor] CPU=0.998723% Mem=4.355469MB TPS=0
[2026-03-05 13:20:22][INFO] [Monitor] CPU=0.000000% Mem=4.355469MB TPS=0
[2026-03-05 13:20:23][INFO] [Monitor] CPU=0.999005% Mem=4.355469MB TPS=0
[2026-03-05 13:20:24][INFO] [Monitor] CPU=0.000000% Mem=4.355469MB TPS=0
[2026-03-05 13:20:25][INFO] [Monitor] CPU=1.998394% Mem=4.355469MB TPS=0
[2026-03-05 13:20:26][INFO] [Monitor] CPU=0.000000% Mem=4.355469MB TPS=0
[2026-03-05 13:20:28][INFO] [Monitor] CPU=0.998103% Mem=4.355469MB TPS=0
[2026-03-05 13:20:29][INFO] [Monitor] CPU=0.000000% Mem=4.355469MB TPS=0
[2026-03-05 13:20:30][INFO] [Monitor] CPU=0.999413% Mem=4.355469MB TPS=0
[2026-03-05 13:20:31][INFO] [Monitor] CPU=0.000000% Mem=4.355469MB TPS=0
[2026-03-05 13:20:32][INFO] [Monitor] CPU=0.998062% Mem=4.355469MB TPS=0
[2026-03-05 13:20:33][INFO] [Monitor] CPU=0.000000% Mem=4.355469MB TPS=0
[2026-03-05 13:20:34][INFO] [Monitor] CPU=1.996785% Mem=4.355469MB TPS=0
[2026-03-05 13:20:35][INFO] [Monitor] CPU=0.000000% Mem=4.355469MB TPS=0
[2026-03-05 13:20:36][INFO] [Monitor] CPU=0.999181% Mem=4.355469MB TPS=0
[2026-03-05 13:20:37][INFO] [Monitor] CPU=0.000000% Mem=4.355469MB TPS=0
[2026-03-05 13:20:38][INFO] [Monitor] CPU=0.997784% Mem=4.355469MB TPS=0
[2026-03-05 13:20:39][INFO] [Monitor] CPU=0.000000% Mem=4.355469MB TPS=0
[2026-03-05 13:20:40][INFO] [Monitor] CPU=0.000000% Mem=4.355469MB TPS=0
[2026-03-05 13:20:41][INFO] [Monitor] CPU=0.997870% Mem=4.355469MB TPS=0
[2026-03-05 13:20:42][INFO] [Monitor] CPU=0.000000% Mem=4.355469MB TPS=0
[2026-03-05 13:20:43][INFO] [Monitor] CPU=0.998690% Mem=4.355469MB TPS=0
[2026-03-05 13:20:44][INFO] [Monitor] CPU=0.000000% Mem=4.355469MB TPS=0
[2026-03-05 13:20:45][INFO] [Monitor] CPU=1.998388% Mem=4.355469MB TPS=0
[2026-03-05 13:20:46][INFO] [Monitor] CPU=0.000000% Mem=4.355469MB TPS=0
[2026-03-05 13:20:47][INFO] [Monitor] CPU=0.999337% Mem=4.355469MB TPS=0
[2026-03-05 13:20:48][INFO] [Monitor] CPU=0.000000% Mem=4.355469MB TPS=0
[2026-03-05 13:20:49][INFO] [Monitor] CPU=0.000000% Mem=4.355469MB TPS=0
[2026-03-05 13:20:50][INFO] [Monitor] CPU=0.999333% Mem=4.355469MB TPS=0
[2026-03-05 13:20:51][INFO] [Monitor] CPU=0.000000% Mem=4.355469MB TPS=0
[2026-03-05 13:20:52][INFO] [Monitor] CPU=0.000000% Mem=4.355469MB TPS=0
[2026-03-05 13:20:53][INFO] [Monitor] CPU=0.998680% Mem=4.355469MB TPS=0
[2026-03-05 13:20:54][INFO] [Monitor] CPU=0.998972% Mem=4.355469MB TPS=0
[2026-03-05 13:20:55][INFO] [Monitor] CPU=0.000000% Mem=4.355469MB TPS=0
[2026-03-05 13:20:56][INFO] [Monitor] CPU=0.998880% Mem=4.355469MB TPS=0
[2026-03-05 13:20:57][INFO] [Monitor] CPU=0.000000% Mem=4.355469MB TPS=0
[2026-03-05 13:20:58][INFO] [Monitor] CPU=0.995960% Mem=4.355469MB TPS=0
[2026-03-05 13:20:59][INFO] [Monitor] CPU=0.999461% Mem=4.355469MB TPS=0
[2026-03-05 13:21:00][INFO] [Monitor] CPU=0.000000% Mem=4.355469MB TPS=0
[2026-03-05 13:21:01][INFO] [Monitor] CPU=0.000000% Mem=4.355469MB TPS=0
[2026-03-05 13:21:02][INFO] [Monitor] CPU=0.999124% Mem=4.355469MB TPS=0
[2026-03-05 13:21:03][INFO] [Monitor] CPU=0.999372% Mem=4.355469MB TPS=0
[2026-03-05 13:21:04][INFO] [Monitor] CPU=0.998709% Mem=4.355469MB TPS=0
[2026-03-05 13:21:05][INFO] [Monitor] CPU=0.000000% Mem=4.355469MB TPS=0
[2026-03-05 13:21:06][INFO] [Monitor] CPU=0.000000% Mem=4.355469MB TPS=0
[2026-03-05 13:21:07][INFO] [Monitor] CPU=0.999211% Mem=4.355469MB TPS=0
[2026-03-05 13:21:08][INFO] [Monitor] CPU=0.000000% Mem=4.355469MB TPS=0
[2026-03-05 13:21:09][INFO] [Monitor] CPU=0.999393% Mem=4.355469MB TPS=0
[2026-03-05 13:21:10][INFO] [Monitor] CPU=0.000000% Mem=4.355469MB TPS=0
[2026-03-05 13:21:11][INFO] [Monitor] CPU=0.999311% Mem=4.355469MB TPS=0
[2026-03-05 13:21:12][INFO] [Monitor] CPU=0.999388% Mem=4.355469MB TPS=0
[2026-03-05 13:21:13][INFO] [Monitor] CPU=0.000000% Mem=4.355469MB TPS=0
[2026-03-05 13:21:14][INFO] [Monitor] CPU=0.996687% Mem=4.355469MB TPS=0
[2026-03-05 13:21:15][INFO] [Monitor] CPU=0.000000% Mem=4.355469MB TPS=0
[2026-03-05 13:21:16][INFO] [Monitor] CPU=0.000000% Mem=4.355469MB TPS=0
[2026-03-05 13:21:17][INFO] [Monitor] CPU=0.999294% Mem=4.355469MB TPS=0
[2026-03-05 13:21:18][INFO] [Monitor] CPU=0.000000% Mem=4.355469MB TPS=0
[2026-03-05 13:21:19][INFO] [Monitor] CPU=0.999233% Mem=4.355469MB TPS=0
[2026-03-05 13:21:20][INFO] [Monitor] CPU=0.000000% Mem=4.355469MB TPS=0
[2026-03-05 13:21:21][INFO] [Monitor] CPU=0.997804% Mem=4.355469MB TPS=0
[2026-03-05 13:21:22][INFO] [Monitor] CPU=0.000000% Mem=4.355469MB TPS=0
[2026-03-05 13:21:23][INFO] [Monitor] CPU=0.999054% Mem=4.355469MB TPS=0
[2026-03-05 13:21:24][INFO] [Monitor] CPU=0.998421% Mem=4.355469MB TPS=0
[2026-03-05 13:21:25][INFO] [Monitor] CPU=0.998641% Mem=4.355469MB TPS=0
[2026-03-05 13:21:26][INFO] [Monitor] CPU=0.000000% Mem=4.355469MB TPS=0
[2026-03-05 13:21:27][INFO] [Monitor] CPU=0.000000% Mem=4.355469MB TPS=0
[2026-03-05 13:21:28][INFO] [Monitor] CPU=0.999305% Mem=4.355469MB TPS=0
[2026-03-05 13:21:29][INFO] [Monitor] CPU=0.000000% Mem=4.355469MB TPS=0
[2026-03-05 13:21:30][INFO] [Monitor] CPU=0.996849% Mem=4.355469MB TPS=0
[2026-03-05 13:21:31][INFO] [Monitor] CPU=0.999303% Mem=4.355469MB TPS=0
[2026-03-05 13:21:32][INFO] [Monitor] CPU=0.000000% Mem=4.355469MB TPS=0
[2026-03-05 13:21:33][INFO] [Monitor] CPU=0.000000% Mem=4.355469MB TPS=0
[2026-03-05 13:21:34][INFO] [Monitor] CPU=0.999365% Mem=4.355469MB TPS=0
[2026-03-05 13:21:35][INFO] [Monitor] CPU=0.000000% Mem=4.355469MB TPS=0
[2026-03-05 13:21:36][INFO] [Monitor] CPU=0.998369% Mem=4.355469MB TPS=0
[2026-03-05 13:21:37][INFO] [Monitor] CPU=0.000000% Mem=4.355469MB TPS=0
[2026-03-05 13:21:38][INFO] [Monitor] CPU=0.999350% Mem=4.355469MB TPS=0
[2026-03-05 13:21:39][INFO] [Monitor] CPU=0.999087% Mem=4.355469MB TPS=0
[2026-03-05 13:21:40][INFO] [Monitor] CPU=0.000000% Mem=4.355469MB TPS=0
[2026-03-05 13:21:41][INFO] [Monitor] CPU=0.998853% Mem=4.355469MB TPS=0
[2026-03-05 13:21:42][INFO] [Monitor] CPU=0.000000% Mem=4.355469MB TPS=0
[2026-03-05 13:21:43][INFO] [Monitor] CPU=0.000000% Mem=4.355469MB TPS=0
[2026-03-05 13:21:44][INFO] [Monitor] CPU=0.999145% Mem=4.355469MB TPS=0
[2026-03-05 13:21:45][INFO] [Monitor] CPU=0.999119% Mem=4.355469MB TPS=0
[2026-03-05 13:21:46][INFO] [Monitor] CPU=0.999108% Mem=4.355469MB TPS=0
[2026-03-05 13:21:47][INFO] [Monitor] CPU=0.000000% Mem=4.355469MB TPS=0
[2026-03-05 13:21:48][INFO] [Monitor] CPU=0.000000% Mem=4.355469MB TPS=0
[2026-03-05 13:21:49][INFO] [Monitor] CPU=0.000000% Mem=4.355469MB TPS=0
[2026-03-05 13:21:50][INFO] [Monitor] CPU=0.998964% Mem=4.355469MB TPS=0
[2026-03-05 13:21:51][INFO] [Monitor] CPU=0.000000% Mem=4.355469MB TPS=0
[2026-03-05 13:21:52][INFO] [Monitor] CPU=1.994590% Mem=4.355469MB TPS=0
[2026-03-05 13:21:53][INFO] [Monitor] CPU=0.000000% Mem=4.355469MB TPS=0
[2026-03-05 13:21:54][INFO] [Monitor] CPU=0.996286% Mem=4.355469MB TPS=0
[2026-03-05 13:21:55][INFO] [Monitor] CPU=0.000000% Mem=4.355469MB TPS=0
[2026-03-05 13:21:56][INFO] [Monitor] CPU=0.000000% Mem=4.355469MB TPS=0
[2026-03-05 13:21:57][INFO] [Monitor] CPU=0.990041% Mem=4.355469MB TPS=0
[2026-03-05 13:21:58][INFO] [Monitor] CPU=0.000000% Mem=4.355469MB TPS=0
[2026-03-05 13:21:59][INFO] [Monitor] CPU=0.961578% Mem=4.355469MB TPS=0
[2026-03-05 13:22:00][INFO] [Monitor] CPU=0.000000% Mem=4.355469MB TPS=0
[2026-03-05 13:22:01][INFO] [Monitor] CPU=1.998913% Mem=4.355469MB TPS=0
[2026-03-05 13:22:02][INFO] [Monitor] CPU=0.000000% Mem=4.355469MB TPS=0
[2026-03-05 13:22:03][INFO] [Monitor] CPU=0.000000% Mem=4.355469MB TPS=0
[2026-03-05 13:22:04][INFO] [Monitor] CPU=0.999297% Mem=4.355469MB TPS=0
[2026-03-05 13:22:05][INFO] [Monitor] CPU=0.000000% Mem=4.355469MB TPS=0
[2026-03-05 13:22:06][INFO] [Monitor] CPU=0.999410% Mem=4.355469MB TPS=0
[2026-03-05 13:22:07][INFO] [Monitor] CPU=0.000000% Mem=4.355469MB TPS=0
[2026-03-05 13:22:08][INFO] [Monitor] CPU=0.000000% Mem=4.355469MB TPS=0
[2026-03-05 13:22:09][INFO] [Monitor] CPU=0.992238% Mem=4.355469MB TPS=0
[2026-03-05 13:22:10][INFO] [Monitor] CPU=0.000000% Mem=4.355469MB TPS=0
[2026-03-05 13:22:11][INFO] [Monitor] CPU=0.999697% Mem=4.355469MB TPS=0
[2026-03-05 13:22:11][INFO] Shutting down...
[2026-03-05 13:22:12][INFO] [Monitor] CPU=0.000000% Mem=4.449219MB TPS=0
[2026-03-05 13:22:12][INFO] [Server] stopped.
[2026-03-05 13:41:39][INFO] [ThreadPool] resized to 4 threads
[2026-03-05 13:41:40][INFO] [Monitor] CPU=0.000000% Mem=4.011719MB TPS=0
[2026-03-05 13:41:40][INFO] [ConfigManager] updating thread_num: 4 -> 8
[2026-03-05 13:41:41][INFO] [Monitor] CPU=0.000000% Mem=4.199219MB TPS=0
[2026-03-05 13:41:42][INFO] [Monitor] CPU=0.000000% Mem=4.203125MB TPS=0
[2026-03-05 13:41:43][INFO] [Monitor] CPU=0.999245% Mem=4.203125MB TPS=0
[2026-03-05 13:41:44][INFO] [Monitor] CPU=0.000000% Mem=4.203125MB TPS=0
[2026-03-05 13:41:45][INFO] [Monitor] CPU=0.000000% Mem=4.203125MB TPS=0
[2026-03-05 13:41:46][INFO] [Monitor] CPU=0.999251% Mem=4.203125MB TPS=0
[2026-03-05 13:41:47][INFO] [Monitor] CPU=0.997037% Mem=4.203125MB TPS=0
[2026-03-05 13:41:48][INFO] [Monitor] CPU=0.000000% Mem=4.203125MB TPS=0
[2026-03-05 13:41:49][INFO] [Monitor] CPU=0.000000% Mem=4.203125MB TPS=0
[2026-03-05 13:41:49][INFO] [ConfigManager] updating thread_num: 8 -> 2
[2026-03-05 13:41:49][INFO] [AsyncLogger] log level updated
[2026-03-05 13:41:50][INFO] [Monitor] CPU=0.998044% Mem=4.203125MB TPS=0
[2026-03-05 13:41:51][INFO] [Monitor] CPU=0.000000% Mem=4.203125MB TPS=0
[2026-03-05 13:41:52][INFO] [Monitor] CPU=0.994058% Mem=4.203125MB TPS=0
[2026-03-05 13:41:53][INFO] [Monitor] CPU=0.000000% Mem=4.203125MB TPS=0
[2026-03-05 13:41:54][INFO] [Monitor] CPU=0.000000% Mem=4.203125MB TPS=0
[2026-03-05 13:41:55][INFO] [Monitor] CPU=46.964332% Mem=5.640625MB TPS=16253
[2026-03-05 13:41:56][INFO] [Monitor] CPU=92.966306% Mem=8.746094MB TPS=39913
[2026-03-05 13:41:57][INFO] [Monitor] CPU=92.972017% Mem=11.945312MB TPS=41180
[2026-03-05 13:41:58][INFO] [Monitor] CPU=88.967857% Mem=14.910156MB TPS=38166
[2026-03-05 13:41:59][INFO] [Monitor] CPU=90.867687% Mem=17.929688MB TPS=38850
[2026-03-05 13:42:00][INFO] [Monitor] CPU=82.829040% Mem=20.070312MB TPS=27569
[2026-03-05 13:42:01][INFO] [Monitor] CPU=79.953682% Mem=21.964844MB TPS=24327
[2026-03-05 13:42:02][INFO] [Monitor] CPU=80.796317% Mem=23.851562MB TPS=24245
[2026-03-05 13:42:03][INFO] [Monitor] CPU=90.965040% Mem=25.964844MB TPS=27210
[2026-03-05 13:42:04][INFO] [Monitor] CPU=76.180090% Mem=27.785156MB TPS=23435
[2026-03-05 13:42:05][INFO] [Monitor] CPU=72.898133% Mem=29.460938MB TPS=21522
[2026-03-05 13:42:05][INFO] [ConfigManager] updating thread_num: 2 -> 4
[2026-03-05 13:42:05][INFO] [AsyncLogger] log level updated
[2026-03-05 13:42:06][INFO] [Monitor] CPU=80.929574% Mem=31.566406MB TPS=27104
[2026-03-05 13:42:07][INFO] [Monitor] CPU=71.693084% Mem=33.074219MB TPS=19417
[2026-03-05 13:42:08][INFO] [Monitor] CPU=87.975707% Mem=35.500000MB TPS=31206
[2026-03-05 13:42:09][INFO] [Monitor] CPU=91.878400% Mem=37.996094MB TPS=32102
[2026-03-05 13:42:10][INFO] [Monitor] CPU=85.937210% Mem=40.621094MB TPS=33817
[2026-03-05 13:42:11][INFO] [Monitor] CPU=73.973878% Mem=42.222656MB TPS=20592
[2026-03-05 13:42:12][INFO] [Monitor] CPU=78.958820% Mem=43.992188MB TPS=22754
[2026-03-05 13:42:13][INFO] [Monitor] CPU=85.786441% Mem=46.312500MB TPS=29875
[2026-03-05 13:42:14][INFO] [Monitor] CPU=86.707578% Mem=48.703125MB TPS=30764
[2026-03-05 13:42:15][INFO] [Monitor] CPU=81.876374% Mem=50.945312MB TPS=28849
[2026-03-05 13:42:16][INFO] [Monitor] CPU=75.955143% Mem=52.726562MB TPS=22878
[2026-03-05 13:42:17][INFO] [Monitor] CPU=79.957761% Mem=54.617188MB TPS=24355
[2026-03-05 13:42:18][INFO] [Monitor] CPU=80.957031% Mem=56.839844MB TPS=28605
[2026-03-05 13:42:19][INFO] [Monitor] CPU=86.963601% Mem=59.453125MB TPS=33621
[2026-03-05 13:42:20][INFO] [Monitor] CPU=92.977259% Mem=62.421875MB TPS=38179
[2026-03-05 13:42:21][INFO] [Monitor] CPU=95.923455% Mem=65.156250MB TPS=35186
[2026-03-05 13:42:22][INFO] [Monitor] CPU=93.970151% Mem=68.402344MB TPS=41774
[2026-03-05 13:42:23][INFO] [Monitor] CPU=93.936657% Mem=71.621094MB TPS=41418
[2026-03-05 13:42:24][INFO] [Monitor] CPU=92.959773% Mem=74.515625MB TPS=37222
[2026-03-05 13:42:25][INFO] [Monitor] CPU=83.923161% Mem=76.796875MB TPS=29345
[2026-03-05 13:42:26][INFO] [Monitor] CPU=83.913729% Mem=79.011719MB TPS=28489
[2026-03-05 13:42:27][INFO] [Monitor] CPU=83.762988% Mem=81.050781MB TPS=26196
[2026-03-05 13:42:28][INFO] [Monitor] CPU=48.942890% Mem=82.082031MB TPS=13582
[2026-03-05 13:42:29][INFO] [Monitor] CPU=0.000000% Mem=82.082031MB TPS=0
[2026-03-05 13:42:30][INFO] [Monitor] CPU=0.000000% Mem=82.082031MB TPS=0
[2026-03-05 13:42:31][INFO] [Monitor] CPU=0.999423% Mem=82.082031MB TPS=0
[2026-03-05 13:42:32][INFO] [Monitor] CPU=0.000000% Mem=82.082031MB TPS=0
[2026-03-05 13:42:33][INFO] [Monitor] CPU=0.999320% Mem=82.082031MB TPS=0
[2026-03-05 13:42:34][INFO] [Monitor] CPU=0.000000% Mem=82.082031MB TPS=0
[2026-03-05 13:42:35][INFO] [Monitor] CPU=0.000000% Mem=82.082031MB TPS=0
[2026-03-05 13:42:36][INFO] [Monitor] CPU=0.997127% Mem=82.082031MB TPS=0
[2026-03-05 13:42:37][INFO] [Monitor] CPU=70.964801% Mem=83.828125MB TPS=22112
[2026-03-05 13:42:38][INFO] [Monitor] CPU=92.962197% Mem=86.687500MB TPS=36792
[2026-03-05 13:42:39][INFO] [Monitor] CPU=93.844290% Mem=89.847656MB TPS=40661
[2026-03-05 13:42:40][INFO] [Monitor] CPU=80.751510% Mem=92.261719MB TPS=31069
[2026-03-05 13:42:41][INFO] [Monitor] CPU=77.856169% Mem=94.070312MB TPS=23238
[2026-03-05 13:42:42][INFO] [Monitor] CPU=79.985344% Mem=96.078125MB TPS=25861
[2026-03-05 13:42:43][INFO] [Monitor] CPU=84.971551% Mem=98.097656MB TPS=25965
[2026-03-05 13:42:44][INFO] [Monitor] CPU=79.957136% Mem=99.652344MB TPS=20013
[2026-03-05 13:42:45][INFO] [Monitor] CPU=79.746087% Mem=101.210938MB TPS=20046
[2026-03-05 13:42:45][INFO] [ConfigManager] updating thread_num: 4 -> 8
[2026-03-05 13:42:45][INFO] [AsyncLogger] log level updated
[2026-03-05 13:42:46][INFO] [Monitor] CPU=78.936482% Mem=102.687500MB TPS=18969
[2026-03-05 13:42:47][INFO] [Monitor] CPU=85.892093% Mem=104.585938MB TPS=24441
[2026-03-05 13:42:48][INFO] [Monitor] CPU=92.896510% Mem=107.023438MB TPS=31353
[2026-03-05 13:42:49][INFO] [Monitor] CPU=79.902090% Mem=108.902344MB TPS=24192
[2026-03-05 13:42:50][INFO] [Monitor] CPU=76.661088% Mem=110.671875MB TPS=22739
[2026-03-05 13:42:51][INFO] [Monitor] CPU=78.971313% Mem=112.468750MB TPS=23136
[2026-03-05 13:42:52][INFO] [Monitor] CPU=89.976020% Mem=115.242188MB TPS=35717
[2026-03-05 13:42:53][INFO] [Monitor] CPU=93.935015% Mem=118.484375MB TPS=41714
[2026-03-05 13:42:54][INFO] [Monitor] CPU=94.952757% Mem=121.074219MB TPS=33311
[2026-03-05 13:42:55][INFO] [Monitor] CPU=81.955918% Mem=123.050781MB TPS=25394
[2026-03-05 13:42:56][INFO] [Monitor] CPU=83.801766% Mem=125.203125MB TPS=27718
[2026-03-05 13:42:57][INFO] [Monitor] CPU=83.542703% Mem=127.105469MB TPS=24475
[2026-03-05 13:42:58][INFO] [Monitor] CPU=74.973164% Mem=128.800781MB TPS=21766
[2026-03-05 13:42:59][INFO] [Monitor] CPU=76.913896% Mem=130.476562MB TPS=21604
[2026-03-05 13:43:00][INFO] [Monitor] CPU=78.947196% Mem=132.218750MB TPS=22408
[2026-03-05 13:43:00][INFO] [ConfigManager] updating thread_num: 8 -> 1
[2026-03-05 13:43:00][INFO] [AsyncLogger] log level updated
[2026-03-05 13:43:01][INFO] [Monitor] CPU=78.855383% Mem=134.039062MB TPS=23398
[2026-03-05 13:43:02][INFO] [Monitor] CPU=82.843611% Mem=135.781250MB TPS=22417
[2026-03-05 13:43:03][INFO] [Monitor] CPU=81.904253% Mem=137.425781MB TPS=21198
[2026-03-05 13:43:04][INFO] [Monitor] CPU=87.911658% Mem=139.406250MB TPS=25472
[2026-03-05 13:43:05][INFO] [Monitor] CPU=86.950610% Mem=141.250000MB TPS=23695
[2026-03-05 13:43:06][INFO] [Monitor] CPU=86.673605% Mem=143.050781MB TPS=23185
[2026-03-05 13:43:07][INFO] [Monitor] CPU=80.946014% Mem=145.160156MB TPS=27146
[2026-03-05 13:43:08][INFO] [Monitor] CPU=71.943412% Mem=146.648438MB TPS=19154
[2026-03-05 13:43:09][INFO] [Monitor] CPU=73.915337% Mem=148.339844MB TPS=21728
[2026-03-05 13:43:10][INFO] [Monitor] CPU=88.884103% Mem=150.640625MB TPS=29609
[2026-03-05 13:43:11][INFO] [Monitor] CPU=87.923105% Mem=152.742188MB TPS=27033
[2026-03-05 13:43:12][INFO] [Monitor] CPU=81.975037% Mem=154.757812MB TPS=25948
[2026-03-05 13:43:13][INFO] [Monitor] CPU=72.743100% Mem=156.464844MB TPS=21931
[2026-03-05 13:43:14][INFO] [Monitor] CPU=60.979059% Mem=157.628906MB TPS=14982
[2026-03-05 13:43:15][INFO] [Monitor] CPU=72.942694% Mem=159.195312MB TPS=20203
[2026-03-05 13:43:16][INFO] [Monitor] CPU=32.971865% Mem=159.812500MB TPS=8207
[2026-03-05 13:43:17][INFO] [Monitor] CPU=0.999574% Mem=159.812500MB TPS=0
[2026-03-05 13:43:18][INFO] [Monitor] CPU=0.000000% Mem=159.812500MB TPS=0
[2026-03-05 13:43:19][INFO] [Monitor] CPU=0.000000% Mem=159.812500MB TPS=0
[2026-03-05 13:43:20][INFO] [Monitor] CPU=0.998471% Mem=159.812500MB TPS=0
[2026-03-05 13:43:21][INFO] [Monitor] CPU=0.000000% Mem=159.812500MB TPS=0
[2026-03-05 13:43:22][INFO] [Monitor] CPU=0.990446% Mem=159.812500MB TPS=0
[2026-03-05 13:43:23][INFO] [Monitor] CPU=0.000000% Mem=159.812500MB TPS=0
[2026-03-05 13:43:24][INFO] [Monitor] CPU=0.000000% Mem=159.812500MB TPS=0
[2026-03-05 13:43:25][INFO] [Monitor] CPU=1.998551% Mem=159.812500MB TPS=0
[2026-03-05 13:43:26][INFO] [Monitor] CPU=0.000000% Mem=159.812500MB TPS=0
[2026-03-05 13:43:27][INFO] [Monitor] CPU=0.000000% Mem=159.812500MB TPS=0
[2026-03-05 13:43:28][INFO] [Monitor] CPU=0.000000% Mem=159.812500MB TPS=0
[2026-03-05 13:43:29][INFO] [Monitor] CPU=0.998998% Mem=159.812500MB TPS=0
[2026-03-05 13:43:30][INFO] [Monitor] CPU=0.000000% Mem=159.812500MB TPS=0
[2026-03-05 13:43:31][INFO] [Monitor] CPU=0.000000% Mem=159.812500MB TPS=0
[2026-03-05 13:43:32][INFO] [Monitor] CPU=0.999183% Mem=159.812500MB TPS=0
[2026-03-05 13:43:32][INFO] Shutting down...
[2026-03-05 13:43:33][INFO] [Server] stopped.
[2026-03-05 13:43:33][INFO] [Monitor] CPU=0.000000% Mem=159.781250MB TPS=0
[2026-03-05 05:59:43][INFO] [ThreadPool] resized to 4 threads
[2026-03-05 05:59:43][INFO] [Server] listening on port 8080
[2026-03-05 05:59:44][INFO] [Monitor] CPU=0.000000% Mem=3.867188MB TPS=0
[2026-03-05 05:59:44][INFO] [AsyncLogger] log level updated
[2026-03-05 05:59:45][INFO] [Monitor] CPU=1.998454% Mem=3.976562MB TPS=0
[2026-03-05 05:59:46][INFO] [Monitor] CPU=0.000000% Mem=3.980469MB TPS=0
[2026-03-05 05:59:47][INFO] [Monitor] CPU=0.000000% Mem=3.980469MB TPS=0
[2026-03-05 05:59:48][INFO] [Monitor] CPU=0.996347% Mem=3.980469MB TPS=0
[2026-03-05 05:59:49][INFO] [Monitor] CPU=0.000000% Mem=3.980469MB TPS=0
[2026-03-05 05:59:50][INFO] [Monitor] CPU=0.000000% Mem=3.980469MB TPS=0
[2026-03-05 05:59:51][INFO] [Monitor] CPU=0.998789% Mem=3.980469MB TPS=0
[2026-03-05 05:59:52][INFO] [Monitor] CPU=0.998872% Mem=3.980469MB TPS=0
[2026-03-05 05:59:53][INFO] [Monitor] CPU=0.000000% Mem=3.980469MB TPS=0
[2026-03-05 05:59:54][INFO] [Monitor] CPU=0.998882% Mem=3.980469MB TPS=0
[2026-03-05 05:59:55][INFO] [Monitor] CPU=0.000000% Mem=3.980469MB TPS=0
[2026-03-05 05:59:56][INFO] [Monitor] CPU=0.000000% Mem=3.980469MB TPS=0
[2026-03-05 05:59:57][INFO] [Monitor] CPU=0.998934% Mem=3.980469MB TPS=0
[2026-03-05 05:59:58][INFO] [Monitor] CPU=0.000000% Mem=3.980469MB TPS=0
[2026-03-05 05:59:59][INFO] [Monitor] CPU=0.998705% Mem=3.980469MB TPS=0
[2026-03-05 06:00:00][INFO] [Monitor] CPU=0.998819% Mem=3.980469MB TPS=0
[2026-03-05 06:00:01][INFO] [Monitor] CPU=0.000000% Mem=3.980469MB TPS=0
[2026-03-05 06:00:02][INFO] [Monitor] CPU=0.000000% Mem=3.980469MB TPS=0
[2026-03-05 06:00:03][INFO] [Monitor] CPU=0.999093% Mem=3.980469MB TPS=0
[2026-03-05 06:00:04][INFO] [Monitor] CPU=0.995380% Mem=3.980469MB TPS=0
[2026-03-05 06:00:05][INFO] [Monitor] CPU=0.000000% Mem=3.980469MB TPS=0
[2026-03-05 06:00:06][INFO] [Monitor] CPU=0.998720% Mem=3.980469MB TPS=0
[2026-03-05 06:00:07][INFO] [Monitor] CPU=0.000000% Mem=3.980469MB TPS=0
[2026-03-05 06:00:08][INFO] [Monitor] CPU=0.995761% Mem=3.980469MB TPS=0
[2026-03-05 06:00:09][INFO] [Monitor] CPU=0.000000% Mem=3.980469MB TPS=0
[2026-03-05 06:00:10][INFO] [Monitor] CPU=0.000000% Mem=3.980469MB TPS=0
[2026-03-05 06:00:11][INFO] [Monitor] CPU=0.998623% Mem=3.980469MB TPS=0
[2026-03-05 06:00:12][INFO] [Monitor] CPU=0.999081% Mem=3.980469MB TPS=0
[2026-03-05 06:00:13][INFO] [Monitor] CPU=0.000000% Mem=3.980469MB TPS=0
[2026-03-05 06:00:14][INFO] [Monitor] CPU=0.999490% Mem=3.980469MB TPS=0
[2026-03-05 06:00:15][INFO] [Monitor] CPU=0.000000% Mem=3.980469MB TPS=0
[2026-03-05 06:00:16][INFO] [Monitor] CPU=0.000000% Mem=3.980469MB TPS=0
[2026-03-05 06:00:17][INFO] [Monitor] CPU=0.997016% Mem=3.980469MB TPS=0
[2026-03-05 06:00:18][INFO] [Monitor] CPU=0.000000% Mem=3.980469MB TPS=0
[2026-03-05 06:00:19][INFO] [Monitor] CPU=0.000000% Mem=3.980469MB TPS=0
[2026-03-05 06:00:20][INFO] [Monitor] CPU=0.993271% Mem=3.980469MB TPS=0
[2026-03-05 06:00:21][INFO] [Monitor] CPU=0.000000% Mem=3.980469MB TPS=0
[2026-03-05 06:00:22][INFO] [Monitor] CPU=0.000000% Mem=3.980469MB TPS=0
[2026-03-05 06:00:23][INFO] [Monitor] CPU=0.999425% Mem=3.980469MB TPS=0
[2026-03-05 06:00:24][INFO] [Monitor] CPU=0.997381% Mem=3.980469MB TPS=0
[2026-03-05 06:00:25][INFO] [Monitor] CPU=0.000000% Mem=3.980469MB TPS=0
[2026-03-05 06:00:26][INFO] [Monitor] CPU=0.999399% Mem=3.980469MB TPS=0
[2026-03-05 06:00:27][INFO] [Monitor] CPU=0.000000% Mem=3.980469MB TPS=0
[2026-03-05 06:00:28][INFO] [Monitor] CPU=0.000000% Mem=3.980469MB TPS=0
[2026-03-05 06:00:29][INFO] [Monitor] CPU=0.000000% Mem=3.980469MB TPS=0
[2026-03-05 06:00:30][INFO] [Monitor] CPU=0.997475% Mem=3.980469MB TPS=0
[2026-03-05 06:00:31][INFO] [Monitor] CPU=0.999361% Mem=3.980469MB TPS=0
[2026-03-05 06:00:32][INFO] [Monitor] CPU=0.000000% Mem=3.980469MB TPS=0
[2026-03-05 06:00:33][INFO] [Monitor] CPU=0.999368% Mem=3.980469MB TPS=0
[2026-03-05 06:00:34][INFO] [Monitor] CPU=0.000000% Mem=3.980469MB TPS=0
[2026-03-05 06:00:35][INFO] [Monitor] CPU=0.000000% Mem=3.980469MB TPS=0
[2026-03-05 06:00:36][INFO] [Monitor] CPU=0.000000% Mem=3.980469MB TPS=0
[2026-03-05 06:00:37][INFO] [Monitor] CPU=0.998618% Mem=3.980469MB TPS=0
[2026-03-05 06:00:38][INFO] [Monitor] CPU=0.000000% Mem=3.980469MB TPS=0
[2026-03-05 06:00:39][INFO] [Monitor] CPU=0.999314% Mem=3.980469MB TPS=0
[2026-03-05 06:00:40][INFO] [Monitor] CPU=0.000000% Mem=3.980469MB TPS=0
[2026-03-05 06:00:41][INFO] [Monitor] CPU=0.999359% Mem=3.980469MB TPS=0
[2026-03-05 06:00:42][INFO] [Monitor] CPU=0.000000% Mem=3.980469MB TPS=0
[2026-03-05 06:00:43][INFO] [Monitor] CPU=0.000000% Mem=3.980469MB TPS=0
[2026-03-05 06:00:44][INFO] [Monitor] CPU=0.999529% Mem=3.980469MB TPS=0
[2026-03-05 06:00:45][INFO] [Monitor] CPU=0.998302% Mem=3.980469MB TPS=0
[2026-03-05 06:00:46][INFO] [Monitor] CPU=0.998806% Mem=3.980469MB TPS=0
[2026-03-05 06:00:47][INFO] [Monitor] CPU=0.000000% Mem=3.980469MB TPS=0
[2026-03-05 06:00:48][INFO] [Monitor] CPU=0.000000% Mem=3.980469MB TPS=0
[2026-03-05 06:00:49][INFO] [Monitor] CPU=0.998119% Mem=3.980469MB TPS=0
[2026-03-05 06:00:50][INFO] [Monitor] CPU=0.000000% Mem=3.980469MB TPS=0
[2026-03-05 06:00:51][INFO] [Monitor] CPU=0.998884% Mem=3.980469MB TPS=0
[2026-03-05 06:00:52][INFO] [Monitor] CPU=0.000000% Mem=3.980469MB TPS=0
[2026-03-05 06:00:53][INFO] [Monitor] CPU=0.000000% Mem=3.980469MB TPS=0
[2026-03-05 06:00:54][INFO] [Monitor] CPU=0.999069% Mem=3.980469MB TPS=0
[2026-03-05 06:00:55][INFO] [Monitor] CPU=0.000000% Mem=3.980469MB TPS=0
[2026-03-05 06:00:56][INFO] [Monitor] CPU=0.999361% Mem=3.980469MB TPS=0
[2026-03-05 06:00:57][INFO] [Monitor] CPU=0.000000% Mem=3.980469MB TPS=0
[2026-03-05 06:00:58][INFO] [Monitor] CPU=0.000000% Mem=3.980469MB TPS=0
[2026-03-05 06:00:59][INFO] [Monitor] CPU=0.998764% Mem=3.980469MB TPS=0
[2026-03-05 06:01:00][INFO] [Monitor] CPU=0.000000% Mem=3.980469MB TPS=0
[2026-03-05 06:01:01][INFO] [Monitor] CPU=0.998116% Mem=3.980469MB TPS=0
[2026-03-05 06:01:02][INFO] [Monitor] CPU=0.000000% Mem=3.980469MB TPS=0
[2026-03-05 06:01:02][INFO] Shutting down...
[2026-03-05 06:01:02][INFO] [Server] stopped.
[2026-03-05 06:01:03][INFO] [Monitor] CPU=0.998535% Mem=4.175781MB TPS=0
[2026-03-05 06:01:23][INFO] [ThreadPool] resized to 4 threads
[2026-03-05 06:01:23][INFO] [Server] listening on port 8080
[2026-03-05 06:01:24][INFO] [Monitor] CPU=0.000000% Mem=3.828125MB TPS=0
[2026-03-05 06:01:24][INFO] [AsyncLogger] log level updated
[2026-03-05 06:01:25][INFO] [Monitor] CPU=0.000000% Mem=3.937500MB TPS=0
[2026-03-05 06:01:26][INFO] [Monitor] CPU=1.995387% Mem=3.941406MB TPS=0
[2026-03-05 06:01:27][INFO] [Monitor] CPU=0.000000% Mem=3.941406MB TPS=0
[2026-03-05 06:01:28][INFO] [Monitor] CPU=0.000000% Mem=3.941406MB TPS=0
[2026-03-05 06:01:29][INFO] [Monitor] CPU=0.999219% Mem=3.941406MB TPS=0
[2026-03-05 06:01:30][INFO] [Monitor] CPU=0.000000% Mem=3.941406MB TPS=0
[2026-03-05 06:01:31][INFO] [Monitor] CPU=9.815183% Mem=4.011719MB TPS=1019
[2026-03-05 06:01:32][INFO] [Monitor] CPU=71.881366% Mem=4.023438MB TPS=9760
[2026-03-05 06:01:33][INFO] [Monitor] CPU=68.935621% Mem=4.023438MB TPS=8163
[2026-03-05 06:01:34][INFO] [Monitor] CPU=76.872290% Mem=4.023438MB TPS=8159
[2026-03-05 06:01:35][INFO] [Monitor] CPU=70.977281% Mem=4.023438MB TPS=14956
[2026-03-05 06:01:36][INFO] [Monitor] CPU=63.951395% Mem=4.023438MB TPS=12463
[2026-03-05 06:01:37][INFO] [Monitor] CPU=62.973280% Mem=4.027344MB TPS=13166
[2026-03-05 06:01:38][INFO] [Monitor] CPU=46.978627% Mem=4.027344MB TPS=11938
[2026-03-05 06:01:39][INFO] [Monitor] CPU=51.972744% Mem=4.027344MB TPS=14277
[2026-03-05 06:01:40][INFO] [Monitor] CPU=49.930073% Mem=4.027344MB TPS=14021
[2026-03-05 06:01:41][INFO] [Monitor] CPU=64.884676% Mem=4.027344MB TPS=14792
[2026-03-05 06:01:42][INFO] [Monitor] CPU=81.934869% Mem=4.027344MB TPS=9031
[2026-03-05 06:01:43][INFO] [Monitor] CPU=58.986990% Mem=4.027344MB TPS=16888
[2026-03-05 06:01:44][INFO] [Monitor] CPU=55.863501% Mem=4.027344MB TPS=15551
[2026-03-05 06:01:45][INFO] [ConfigManager] updating thread_num: 4 -> 8
[2026-03-05 06:01:45][INFO] [Monitor] CPU=89.971124% Mem=4.078125MB TPS=9811
[2026-03-05 06:01:46][INFO] [Monitor] CPU=74.929956% Mem=4.085938MB TPS=12164
[2026-03-05 06:01:47][INFO] [Monitor] CPU=92.842869% Mem=4.085938MB TPS=13439
[2026-03-05 06:01:48][INFO] [Monitor] CPU=97.902951% Mem=4.085938MB TPS=12151
[2026-03-05 06:01:49][INFO] [Monitor] CPU=100.957486% Mem=4.085938MB TPS=10937
[2026-03-05 06:01:50][INFO] [Monitor] CPU=68.918807% Mem=4.085938MB TPS=13612
[2026-03-05 06:01:51][INFO] [Monitor] CPU=58.881563% Mem=4.085938MB TPS=14125
[2026-03-05 06:01:52][INFO] [Monitor] CPU=60.951933% Mem=4.085938MB TPS=13115
[2026-03-05 06:01:53][INFO] [Monitor] CPU=76.961067% Mem=4.085938MB TPS=10701
[2026-03-05 06:01:54][INFO] [Monitor] CPU=98.919482% Mem=4.085938MB TPS=11414
[2026-03-05 06:01:55][INFO] [Monitor] CPU=71.973777% Mem=4.085938MB TPS=7882
[2026-03-05 06:01:56][INFO] [Monitor] CPU=77.980715% Mem=4.085938MB TPS=10321
[2026-03-05 06:01:57][INFO] [Monitor] CPU=87.953388% Mem=4.085938MB TPS=8867
[2026-03-05 06:01:58][INFO] [Monitor] CPU=65.932045% Mem=4.085938MB TPS=10981
[2026-03-05 06:01:59][INFO] [Monitor] CPU=75.959821% Mem=4.085938MB TPS=10202
[2026-03-05 06:02:00][INFO] [Monitor] CPU=69.922352% Mem=4.085938MB TPS=8190
[2026-03-05 06:02:01][INFO] [Monitor] CPU=61.427081% Mem=4.089844MB TPS=13775
[2026-03-05 06:02:02][INFO] [Monitor] CPU=81.938198% Mem=4.089844MB TPS=12168
[2026-03-05 06:02:03][INFO] [Monitor] CPU=80.972395% Mem=4.089844MB TPS=13960
[2026-03-05 06:02:04][INFO] [Monitor] CPU=52.978394% Mem=4.089844MB TPS=15451
[2026-03-05 06:02:05][INFO] [Monitor] CPU=57.967743% Mem=4.089844MB TPS=9432
[2026-03-05 06:02:06][INFO] [Monitor] CPU=60.972241% Mem=4.089844MB TPS=14441
[2026-03-05 06:02:07][INFO] [Monitor] CPU=89.977847% Mem=4.089844MB TPS=12921
[2026-03-05 06:02:08][INFO] [Monitor] CPU=72.938547% Mem=4.089844MB TPS=9802
[2026-03-05 06:02:09][INFO] [Monitor] CPU=97.447712% Mem=4.089844MB TPS=10420
[2026-03-05 06:02:10][INFO] [Monitor] CPU=82.811566% Mem=4.089844MB TPS=11261
[2026-03-05 06:02:11][INFO] [Monitor] CPU=53.982081% Mem=4.089844MB TPS=13314
[2026-03-05 06:02:11][INFO] [ConfigManager] updating thread_num: 8 -> 2
[2026-03-05 06:02:12][INFO] [Monitor] CPU=42.800950% Mem=5.550781MB TPS=17700
[2026-03-05 06:02:13][INFO] [Monitor] CPU=36.959673% Mem=6.847656MB TPS=16681
[2026-03-05 06:02:14][INFO] [Monitor] CPU=33.940869% Mem=8.242188MB TPS=17943
[2026-03-05 06:02:15][INFO] [Monitor] CPU=30.947002% Mem=9.382812MB TPS=14588
[2026-03-05 06:02:16][INFO] [Monitor] CPU=28.916380% Mem=10.500000MB TPS=14440
[2026-03-05 06:02:17][INFO] [Monitor] CPU=25.978102% Mem=11.546875MB TPS=13440
[2026-03-05 06:02:18][INFO] [Monitor] CPU=26.989489% Mem=12.589844MB TPS=13437
[2026-03-05 06:02:19][INFO] [Monitor] CPU=29.953301% Mem=13.695312MB TPS=14248
[2026-03-05 06:02:20][INFO] [Monitor] CPU=28.946470% Mem=14.882812MB TPS=15252
[2026-03-05 06:02:21][INFO] [Monitor] CPU=25.763629% Mem=15.886719MB TPS=12943
[2026-03-05 06:02:22][INFO] [Monitor] CPU=29.919981% Mem=17.058594MB TPS=15061
[2026-03-05 06:02:23][INFO] [Monitor] CPU=27.574161% Mem=18.257812MB TPS=15446
[2026-03-05 06:02:24][INFO] [Monitor] CPU=28.704613% Mem=19.371094MB TPS=14316
[2026-03-05 06:02:25][INFO] [Monitor] CPU=25.959925% Mem=20.453125MB TPS=13924
[2026-03-05 06:02:26][INFO] [Monitor] CPU=34.948611% Mem=21.679688MB TPS=15743
[2026-03-05 06:02:27][INFO] [Monitor] CPU=25.527039% Mem=22.757812MB TPS=13885
[2026-03-05 06:02:28][INFO] [Monitor] CPU=38.475101% Mem=24.144531MB TPS=17802
[2026-03-05 06:02:29][INFO] [Monitor] CPU=28.995458% Mem=25.332031MB TPS=15352
[2026-03-05 06:02:30][INFO] [Monitor] CPU=29.990358% Mem=26.457031MB TPS=14430
[2026-03-05 06:02:31][INFO] [Monitor] CPU=29.496333% Mem=27.617188MB TPS=14955
[2026-03-05 06:02:32][INFO] [Monitor] CPU=30.987341% Mem=28.781250MB TPS=14973
[2026-03-05 06:02:32][INFO] [ConfigManager] updating thread_num: 2 -> 16
[2026-03-05 06:02:32][INFO] [ThreadPool] resized to 16 threads
[2026-03-05 06:02:32][INFO] [AsyncLogger] log level updated
[2026-03-05 06:02:33][INFO] [Monitor] CPU=88.934150% Mem=28.941406MB TPS=10153
[2026-03-05 06:02:34][INFO] [Monitor] CPU=85.956520% Mem=28.945312MB TPS=10536
[2026-03-05 06:02:35][INFO] [Monitor] CPU=89.955223% Mem=28.953125MB TPS=12201
[2026-03-05 06:02:36][INFO] [Monitor] CPU=65.894469% Mem=28.960938MB TPS=13759
[2026-03-05 06:02:37][INFO] [Monitor] CPU=58.974230% Mem=28.964844MB TPS=15459
[2026-03-05 06:02:38][INFO] [Monitor] CPU=65.967420% Mem=28.972656MB TPS=11113
[2026-03-05 06:02:39][INFO] [Monitor] CPU=71.954021% Mem=28.976562MB TPS=10366
[2026-03-05 06:02:40][INFO] [Monitor] CPU=70.965821% Mem=28.980469MB TPS=10113
[2026-03-05 06:02:41][INFO] [Monitor] CPU=76.651927% Mem=28.984375MB TPS=8761
[2026-03-05 06:02:42][INFO] [Monitor] CPU=98.848092% Mem=28.992188MB TPS=11784
[2026-03-05 06:02:43][INFO] [Monitor] CPU=99.925862% Mem=28.992188MB TPS=10829
[2026-03-05 06:02:44][INFO] [Monitor] CPU=79.969892% Mem=28.992188MB TPS=13188
[2026-03-05 06:02:45][INFO] [Monitor] CPU=53.307329% Mem=28.992188MB TPS=10620
[2026-03-05 06:02:46][INFO] [Monitor] CPU=73.816522% Mem=28.992188MB TPS=11095
[2026-03-05 06:02:47][INFO] [Monitor] CPU=52.946711% Mem=28.992188MB TPS=13419
[2026-03-05 06:02:48][INFO] [Monitor] CPU=96.925052% Mem=28.992188MB TPS=10793
[2026-03-05 06:02:49][INFO] [Monitor] CPU=64.974983% Mem=28.992188MB TPS=12523
[2026-03-05 06:02:50][INFO] [Monitor] CPU=71.852342% Mem=28.992188MB TPS=7688
[2026-03-05 06:02:51][INFO] [Monitor] CPU=0.996899% Mem=28.992188MB TPS=0
[2026-03-05 06:02:52][INFO] [Monitor] CPU=0.000000% Mem=28.992188MB TPS=0
[2026-03-05 06:02:52][INFO] [ConfigManager] updating thread_num: 16 -> 6
[2026-03-05 06:03:16][INFO] [AsyncLogger] log level updated
[2026-03-05 06:03:17][INFO] [Monitor] CPU=0.000000% Mem=28.992188MB TPS=0
[2026-03-05 06:03:18][INFO] [Monitor] CPU=0.999510% Mem=28.992188MB TPS=0
[2026-03-05 06:03:19][INFO] [Monitor] CPU=0.000000% Mem=28.992188MB TPS=0
[2026-03-05 06:03:20][INFO] [Monitor] CPU=0.000000% Mem=28.992188MB TPS=0
[2026-03-05 06:03:21][INFO] [Monitor] CPU=0.000000% Mem=28.992188MB TPS=0
[2026-03-05 06:03:22][INFO] [Monitor] CPU=0.999490% Mem=28.992188MB TPS=0
[2026-03-05 06:03:23][INFO] [Monitor] CPU=0.000000% Mem=28.992188MB TPS=0
[2026-03-05 06:03:24][INFO] [Monitor] CPU=40.962111% Mem=28.992188MB TPS=13338
[2026-03-05 06:03:25][INFO] [Monitor] CPU=32.939058% Mem=28.992188MB TPS=14151
[2026-03-05 06:03:26][INFO] [Monitor] CPU=35.835030% Mem=28.992188MB TPS=15777
[2026-03-05 06:03:27][INFO] [Monitor] CPU=28.969680% Mem=28.992188MB TPS=15064
[2026-03-05 06:03:28][INFO] [Monitor] CPU=25.962057% Mem=28.992188MB TPS=14775
[2026-03-05 06:03:29][INFO] [Monitor] CPU=28.975446% Mem=28.992188MB TPS=14553
[2026-03-05 06:03:30][INFO] [Monitor] CPU=29.989035% Mem=28.992188MB TPS=15194
[2026-03-05 06:03:31][INFO] [Monitor] CPU=30.980093% Mem=28.992188MB TPS=16122
[2026-03-05 06:03:32][INFO] [Monitor] CPU=28.993795% Mem=28.992188MB TPS=16176
[2026-03-05 06:03:33][INFO] [Monitor] CPU=27.949674% Mem=28.992188MB TPS=14587
[2026-03-05 06:03:34][INFO] [Monitor] CPU=31.961474% Mem=28.992188MB TPS=15437
[2026-03-05 06:03:35][INFO] [Monitor] CPU=35.984423% Mem=28.992188MB TPS=19340
[2026-03-05 06:03:36][INFO] [Monitor] CPU=31.692925% Mem=28.992188MB TPS=16982
[2026-03-05 06:03:37][INFO] [Monitor] CPU=26.980424% Mem=28.992188MB TPS=14449
[2026-03-05 06:03:38][INFO] [Monitor] CPU=27.979586% Mem=28.992188MB TPS=14810
[2026-03-05 06:03:39][INFO] [Monitor] CPU=28.964138% Mem=28.996094MB TPS=14567
[2026-03-05 06:03:40][INFO] [Monitor] CPU=33.989246% Mem=28.996094MB TPS=16979
[2026-03-05 06:03:41][INFO] [Monitor] CPU=38.937711% Mem=28.996094MB TPS=17459
[2026-03-05 06:03:42][INFO] [Monitor] CPU=29.506985% Mem=28.996094MB TPS=16366
[2026-03-05 06:03:43][INFO] [Monitor] CPU=32.791405% Mem=28.996094MB TPS=18034
[2026-03-05 06:03:44][INFO] [Monitor] CPU=31.952072% Mem=29.957031MB TPS=15950
[2026-03-05 06:03:45][INFO] [Monitor] CPU=26.965822% Mem=31.218750MB TPS=16352
[2026-03-05 06:03:46][INFO] [Monitor] CPU=28.932339% Mem=32.625000MB TPS=18160
[2026-03-05 06:03:47][INFO] [Monitor] CPU=30.947289% Mem=33.980469MB TPS=17556
[2026-03-05 06:03:48][INFO] [Monitor] CPU=30.966536% Mem=35.324219MB TPS=17388
[2026-03-05 06:03:49][INFO] [Monitor] CPU=28.989465% Mem=36.535156MB TPS=15681
[2026-03-05 06:03:50][INFO] [Monitor] CPU=27.990552% Mem=37.644531MB TPS=14395
[2026-03-05 06:03:51][INFO] [Monitor] CPU=36.965867% Mem=38.972656MB TPS=17190
[2026-03-05 06:03:52][INFO] [Monitor] CPU=31.921763% Mem=40.109375MB TPS=14620
[2026-03-05 06:03:53][INFO] [Monitor] CPU=26.970852% Mem=41.105469MB TPS=12775
[2026-03-05 06:03:54][INFO] [Monitor] CPU=30.972616% Mem=42.320312MB TPS=15597
[2026-03-05 06:03:55][INFO] [Monitor] CPU=32.854541% Mem=43.625000MB TPS=16828
[2026-03-05 06:03:56][INFO] [Monitor] CPU=25.984338% Mem=44.691406MB TPS=13715
[2026-03-05 06:03:57][INFO] [Monitor] CPU=38.050019% Mem=45.964844MB TPS=16352
[2026-03-05 06:03:58][INFO] [Monitor] CPU=31.851346% Mem=47.332031MB TPS=17608
[2026-03-05 06:03:59][INFO] [Monitor] CPU=23.942790% Mem=48.250000MB TPS=11820
[2026-03-05 06:04:00][INFO] [Monitor] CPU=28.977409% Mem=49.488281MB TPS=15942
[2026-03-05 06:04:01][INFO] [Monitor] CPU=34.241870% Mem=50.652344MB TPS=14976
[2026-03-05 06:04:02][INFO] [Monitor] CPU=24.912192% Mem=51.664062MB TPS=12983
[2026-03-05 06:04:03][INFO] [Monitor] CPU=29.871095% Mem=52.890625MB TPS=15828
[2026-03-05 06:04:04][INFO] [Monitor] CPU=29.933795% Mem=54.171875MB TPS=16475
[2026-03-05 06:04:05][INFO] [Monitor] CPU=12.989596% Mem=54.671875MB TPS=6417
[2026-03-05 06:04:06][INFO] [Monitor] CPU=0.000000% Mem=54.671875MB TPS=0
[2026-03-05 06:04:07][INFO] [Monitor] CPU=0.000000% Mem=54.671875MB TPS=0
[2026-03-05 06:04:08][INFO] [Monitor] CPU=1.998768% Mem=54.671875MB TPS=0
[2026-03-05 06:04:09][INFO] [Monitor] CPU=0.000000% Mem=54.671875MB TPS=0
[2026-03-05 06:04:10][INFO] [Monitor] CPU=0.999650% Mem=54.671875MB TPS=0
[2026-03-05 06:04:11][INFO] [Monitor] CPU=0.000000% Mem=54.671875MB TPS=0
[2026-03-05 06:04:12][INFO] Shutting down...
[2026-03-05 06:04:12][INFO] [Server] stopped.
[2026-03-05 06:04:12][INFO] [Monitor] CPU=0.000000% Mem=54.578125MB TPS=0
