[2026-05-14 11:23:06][INFO] [ThreadPool] resized to 4 threads
[2026-05-14 11:23:06][INFO] [Server] listening on port 8082
[2026-05-14 11:23:07][INFO] [Monitor] CPU=0% Mem=4.02734MB TPS=0
[2026-05-14 11:23:07][INFO] [AsyncLogger] log level updated
[2026-05-14 11:23:08][INFO] [Monitor] CPU=0% Mem=4.10938MB TPS=0
[2026-05-14 11:23:09][INFO] [Monitor] CPU=1.99764% Mem=4.14844MB TPS=73
[2026-05-14 11:23:10][INFO] [Monitor] CPU=39.9637% Mem=4.17969MB TPS=5319
[2026-05-14 11:23:11][INFO] [Monitor] CPU=46.518% Mem=4.1875MB TPS=7700
[2026-05-14 11:23:12][INFO] [Monitor] CPU=44.988% Mem=4.1875MB TPS=6737
[2026-05-14 11:23:13][INFO] [Monitor] CPU=45.8857% Mem=4.1875MB TPS=7640
[2026-05-14 11:23:14][INFO] [Monitor] CPU=44.9876% Mem=4.1875MB TPS=8118
[2026-05-14 11:23:15][INFO] [Monitor] CPU=40.9888% Mem=4.1875MB TPS=6806
[2026-05-14 11:23:16][INFO] [Monitor] CPU=44.9699% Mem=4.1875MB TPS=6063
[2026-05-14 11:23:17][INFO] [Monitor] CPU=42.9801% Mem=4.1875MB TPS=5619
[2026-05-14 11:23:18][INFO] [Monitor] CPU=32.9875% Mem=4.1875MB TPS=4467
[2026-05-14 11:23:19][INFO] [Monitor] CPU=39.9774% Mem=4.1875MB TPS=5389
[2026-05-14 11:23:20][INFO] [Monitor] CPU=29.9799% Mem=4.1875MB TPS=3459
[2026-05-14 11:23:21][INFO] [Monitor] CPU=34.973% Mem=4.1875MB TPS=4168
[2026-05-14 11:23:22][INFO] [Monitor] CPU=35.9692% Mem=4.1875MB TPS=4536
[2026-05-14 11:23:23][INFO] [Monitor] CPU=36.9921% Mem=4.1875MB TPS=4981
[2026-05-14 11:23:24][INFO] [Monitor] CPU=33.9627% Mem=4.1875MB TPS=5867
[2026-05-14 11:23:25][INFO] [Monitor] CPU=42.9724% Mem=4.1875MB TPS=5831
[2026-05-14 11:23:26][INFO] [Monitor] CPU=45.9419% Mem=4.1875MB TPS=6815
[2026-05-14 11:23:27][INFO] [Monitor] CPU=41.9774% Mem=4.1875MB TPS=7211
[2026-05-14 11:23:28][INFO] [Monitor] CPU=28.9285% Mem=4.19531MB TPS=4587
[2026-05-14 11:23:29][INFO] [Monitor] CPU=44.9733% Mem=4.19531MB TPS=5962
[2026-05-14 11:23:30][INFO] [Monitor] CPU=39.9557% Mem=4.19531MB TPS=5181
[2026-05-14 11:23:31][INFO] [Monitor] CPU=38.9707% Mem=4.19531MB TPS=5556
[2026-05-14 11:23:32][INFO] [Monitor] CPU=42.9738% Mem=4.19531MB TPS=6335
[2026-05-14 11:23:33][INFO] [Monitor] CPU=38.9851% Mem=4.19531MB TPS=5718
[2026-05-14 11:23:34][INFO] [Monitor] CPU=42.9244% Mem=4.19531MB TPS=5828
[2026-05-14 11:23:35][INFO] [Monitor] CPU=41.9473% Mem=4.19531MB TPS=6140
[2026-05-14 11:23:36][INFO] [Monitor] CPU=36.9814% Mem=4.19531MB TPS=6726
[2026-05-14 11:23:36][INFO] [ConfigManager] thread_num: 4 -> 2
[2026-05-14 11:23:36][INFO] [ThreadPool] resized to 2 threads
[2026-05-14 11:23:36][INFO] [AsyncLogger] log level updated
[2026-05-14 11:23:37][INFO] [Monitor] CPU=33.8937% Mem=4.19531MB TPS=6539
[2026-05-14 11:23:38][INFO] [Monitor] CPU=29.9677% Mem=4.19531MB TPS=4452
[2026-05-14 11:23:39][INFO] [Monitor] CPU=33.7912% Mem=4.19531MB TPS=4281
[2026-05-14 11:23:40][INFO] [Monitor] CPU=32.9615% Mem=4.19531MB TPS=5424
[2026-05-14 11:23:41][INFO] [Monitor] CPU=40.9592% Mem=4.19531MB TPS=5672
[2026-05-14 11:23:42][INFO] [Monitor] CPU=44.9794% Mem=4.19531MB TPS=5506
[2026-05-14 11:23:43][INFO] [Monitor] CPU=48.9294% Mem=4.19531MB TPS=5951
[2026-05-14 11:23:44][INFO] [Monitor] CPU=33.9916% Mem=4.19531MB TPS=4759
[2026-05-14 11:23:45][INFO] [Monitor] CPU=31.9895% Mem=4.19531MB TPS=4834
[2026-05-14 11:23:46][INFO] [Monitor] CPU=42.9507% Mem=4.19531MB TPS=6080
[2026-05-14 11:23:47][INFO] [Monitor] CPU=49.8055% Mem=4.19531MB TPS=7559
[2026-05-14 11:23:48][INFO] [Monitor] CPU=43.985% Mem=4.19531MB TPS=7878
[2026-05-14 11:23:49][INFO] [Monitor] CPU=44.9449% Mem=4.19531MB TPS=7085
[2026-05-14 11:23:50][INFO] [Monitor] CPU=40.9881% Mem=4.19531MB TPS=6181
[2026-05-14 11:23:51][INFO] [Monitor] CPU=41.972% Mem=4.21484MB TPS=5738
[2026-05-14 11:23:52][INFO] [Monitor] CPU=38.967% Mem=4.21484MB TPS=5826
[2026-05-14 11:24:10][INFO] [AsyncLogger] log level updated
[2026-05-14 11:24:11][INFO] [Monitor] CPU=47.9166% Mem=4.22266MB TPS=6467
[2026-05-14 11:24:12][INFO] [Monitor] CPU=36.9838% Mem=4.22266MB TPS=5228
[2026-05-14 11:24:13][INFO] [Monitor] CPU=43.9591% Mem=4.22266MB TPS=6057
[2026-05-14 11:24:14][INFO] [Monitor] CPU=48.9093% Mem=4.22266MB TPS=7515
[2026-05-14 11:24:15][INFO] [Monitor] CPU=37.8324% Mem=4.22266MB TPS=7737
[2026-05-14 11:24:16][INFO] [Monitor] CPU=41.9313% Mem=4.22266MB TPS=7157
[2026-05-14 11:24:17][INFO] [Monitor] CPU=44.9302% Mem=4.22266MB TPS=6470
[2026-05-14 11:24:18][INFO] [Monitor] CPU=42.9811% Mem=4.22266MB TPS=6778
[2026-05-14 11:24:19][INFO] [Monitor] CPU=39.955% Mem=4.22266MB TPS=7028
[2026-05-14 11:24:20][INFO] [Monitor] CPU=48.9366% Mem=4.22266MB TPS=7527
[2026-05-14 11:24:21][INFO] [Monitor] CPU=33.9402% Mem=4.22266MB TPS=6603
[2026-05-14 11:24:22][INFO] [Monitor] CPU=43.9887% Mem=4.22266MB TPS=5717
[2026-05-14 11:24:23][INFO] [Monitor] CPU=38.9471% Mem=4.22266MB TPS=5930
[2026-05-14 11:24:24][INFO] [Monitor] CPU=48.8613% Mem=4.22266MB TPS=6262
[2026-05-14 11:24:25][INFO] [Monitor] CPU=49.9229% Mem=4.22266MB TPS=6139
[2026-05-14 11:24:26][INFO] [Monitor] CPU=37.9126% Mem=4.22266MB TPS=5713
[2026-05-14 11:24:27][INFO] [Monitor] CPU=33.9612% Mem=4.22266MB TPS=5548
[2026-05-14 11:24:28][INFO] [Monitor] CPU=29.9322% Mem=4.22266MB TPS=5060
[2026-05-14 11:24:29][INFO] [Monitor] CPU=25.98% Mem=4.22266MB TPS=3711
[2026-05-14 11:24:30][INFO] [Monitor] CPU=30.8591% Mem=4.22266MB TPS=5259
[2026-05-14 11:24:31][INFO] [Monitor] CPU=32.9882% Mem=4.22266MB TPS=5596
[2026-05-14 11:24:32][INFO] [Monitor] CPU=8.97655% Mem=4.22266MB TPS=1719
[2026-05-14 11:24:33][INFO] [Monitor] CPU=0% Mem=4.22266MB TPS=0
[2026-05-14 11:24:34][INFO] [Monitor] CPU=0.999364% Mem=4.22266MB TPS=0
[2026-05-14 11:24:35][INFO] [Monitor] CPU=0% Mem=4.22266MB TPS=0
[2026-05-14 11:24:36][INFO] [Monitor] CPU=0% Mem=4.22266MB TPS=0
[2026-05-14 11:24:37][INFO] [Monitor] CPU=0.998791% Mem=4.22266MB TPS=0
[2026-05-14 11:24:38][INFO] [Monitor] CPU=0% Mem=4.22266MB TPS=0
[2026-05-14 11:24:39][INFO] [Monitor] CPU=0% Mem=4.22266MB TPS=0
[2026-05-14 11:24:40][INFO] [Monitor] CPU=0.99962% Mem=4.22266MB TPS=0
[2026-05-14 11:24:41][INFO] [Monitor] CPU=0% Mem=4.22266MB TPS=0
[2026-05-14 11:24:41][INFO] Shutting down...
[2026-05-14 11:24:42][INFO] [Monitor] CPU=0% Mem=4.22266MB TPS=0
[2026-05-14 11:24:44][INFO] [Server] stopped.
[2026-05-14 11:24:44][INFO] [Server] Total requests: 496000
[2026-05-14 11:24:44][INFO] Server exited gracefully.
