[2026-03-08 11:53:37][INFO] [ThreadPool] resized to 4 threads
[2026-03-08 11:53:37][INFO] [Server] listening on port 8080
[2026-03-08 11:53:38][INFO] [Monitor] CPU=0% Mem=3.50781MB TPS=0
[2026-03-08 11:53:39][INFO] [Monitor] CPU=0% Mem=3.57812MB TPS=0
[2026-03-08 11:53:40][INFO] [Monitor] CPU=0% Mem=3.58203MB TPS=0
[2026-03-08 11:53:41][INFO] [Monitor] CPU=0.999015% Mem=3.58203MB TPS=0
[2026-03-08 11:53:42][INFO] [Monitor] CPU=0% Mem=3.58203MB TPS=0
[2026-03-08 11:53:43][INFO] [Monitor] CPU=0.998917% Mem=3.58203MB TPS=0
[2026-03-08 11:53:44][INFO] [Monitor] CPU=0% Mem=3.58203MB TPS=0
[2026-03-08 11:53:45][INFO] [Monitor] CPU=0% Mem=3.58203MB TPS=0
[2026-03-08 11:53:46][INFO] [Monitor] CPU=0.999195% Mem=3.58203MB TPS=0
[2026-03-08 11:53:47][INFO] [Monitor] CPU=0% Mem=3.58203MB TPS=0
[2026-03-08 11:53:48][INFO] [Monitor] CPU=0% Mem=3.58203MB TPS=0
[2026-03-08 11:53:49][INFO] [Monitor] CPU=0.997852% Mem=3.58203MB TPS=0
[2026-03-08 11:53:50][INFO] [Monitor] CPU=0% Mem=3.58203MB TPS=0
[2026-03-08 11:53:51][INFO] [Monitor] CPU=0% Mem=3.58203MB TPS=0
[2026-03-08 11:53:52][INFO] [Monitor] CPU=0.99819% Mem=3.58203MB TPS=0
[2026-03-08 11:53:53][INFO] [Monitor] CPU=0% Mem=3.58203MB TPS=0
[2026-03-08 11:53:54][INFO] [Monitor] CPU=0% Mem=3.58203MB TPS=0
[2026-03-08 11:53:55][INFO] [Monitor] CPU=0.998349% Mem=3.58203MB TPS=0
[2026-03-08 11:53:56][INFO] [Monitor] CPU=0% Mem=3.58203MB TPS=0
[2026-03-08 11:53:57][INFO] [Monitor] CPU=0.998718% Mem=3.58203MB TPS=0
[2026-03-08 11:53:58][INFO] [Monitor] CPU=0% Mem=3.58203MB TPS=0
[2026-03-08 11:53:59][INFO] [Monitor] CPU=0% Mem=3.58203MB TPS=0
[2026-03-08 11:54:00][INFO] [Monitor] CPU=0.999228% Mem=3.58203MB TPS=0
[2026-03-08 11:54:01][INFO] [Monitor] CPU=0% Mem=3.58203MB TPS=0
[2026-03-08 11:54:02][INFO] [Monitor] CPU=0.999386% Mem=3.58203MB TPS=0
[2026-03-08 11:54:03][INFO] [Monitor] CPU=0% Mem=3.58203MB TPS=0
[2026-03-08 11:54:04][INFO] Shutting down...
[2026-03-08 11:54:04][INFO] [Monitor] CPU=0% Mem=3.58203MB TPS=0
[2026-03-08 11:54:05][INFO] [Server] stopped.
[2026-03-08 11:54:05][INFO] [Server] Total requests: 0
[2026-03-08 11:54:05][INFO] Server exited gracefully.
[2026-03-08 11:56:18][INFO] [ThreadPool] resized to 4 threads
[2026-03-08 11:56:19][INFO] [Monitor] CPU=0% Mem=3.50781MB TPS=0
[2026-03-08 11:56:19][INFO] [AsyncLogger] log level updated
[2026-03-08 11:56:20][INFO] [Monitor] CPU=0% Mem=3.72266MB TPS=0
[2026-03-08 11:56:21][INFO] [Monitor] CPU=0% Mem=3.72656MB TPS=0
[2026-03-08 11:56:22][INFO] [Monitor] CPU=0.998612% Mem=3.72656MB TPS=0
[2026-03-08 11:56:23][INFO] [Monitor] CPU=0% Mem=3.72656MB TPS=0
[2026-03-08 11:56:24][INFO] [Monitor] CPU=0% Mem=3.72656MB TPS=0
[2026-03-08 11:56:25][INFO] [Monitor] CPU=0% Mem=3.72656MB TPS=0
[2026-03-08 11:56:26][INFO] [Monitor] CPU=0.998981% Mem=3.72656MB TPS=0
[2026-03-08 11:56:27][INFO] [Monitor] CPU=0.999014% Mem=3.72656MB TPS=0
[2026-03-08 11:56:28][INFO] [Monitor] CPU=0% Mem=3.72656MB TPS=0
[2026-03-08 11:56:29][INFO] [Monitor] CPU=0.997827% Mem=3.72656MB TPS=0
[2026-03-08 11:56:30][INFO] [Monitor] CPU=0.998532% Mem=3.72656MB TPS=0
[2026-03-08 11:56:31][INFO] [Monitor] CPU=0% Mem=3.72656MB TPS=0
[2026-03-08 11:56:32][INFO] [Monitor] CPU=0% Mem=3.72656MB TPS=0
[2026-03-08 11:56:33][INFO] [Monitor] CPU=0% Mem=3.72656MB TPS=0
[2026-03-08 11:56:34][INFO] [Monitor] CPU=22.9869% Mem=3.80078MB TPS=2397
[2026-03-08 11:56:35][INFO] [Monitor] CPU=89.9596% Mem=3.80078MB TPS=8643
[2026-03-08 11:56:35][WARN] [ALARM] CPU warning: 89.959628%
[2026-03-08 11:56:36][INFO] [Monitor] CPU=93.9631% Mem=3.80078MB TPS=8186
[2026-03-08 11:56:36][WARN] [ALARM] CPU warning: 93.963115%
[2026-03-08 11:56:37][INFO] [Monitor] CPU=88.869% Mem=3.80078MB TPS=8041
[2026-03-08 11:56:37][WARN] [ALARM] CPU warning: 88.868990%
[2026-03-08 11:56:38][INFO] [Monitor] CPU=72.9597% Mem=3.80078MB TPS=8918
[2026-03-08 11:56:39][INFO] [Monitor] CPU=67.9626% Mem=3.80469MB TPS=8963
[2026-03-08 11:56:40][INFO] [Monitor] CPU=85.9169% Mem=3.80469MB TPS=7987
[2026-03-08 11:56:40][WARN] [ALARM] CPU warning: 85.916944%
[2026-03-08 11:56:41][INFO] [Monitor] CPU=92.8067% Mem=3.80469MB TPS=8454
[2026-03-08 11:56:42][INFO] [Monitor] CPU=92.936% Mem=3.80469MB TPS=8291
[2026-03-08 11:56:42][WARN] [ALARM] CPU warning: 92.935985%
[2026-03-08 11:56:42][INFO] [ConfigManager] thread_num: 4 -> 2
[2026-03-08 11:56:43][INFO] [Monitor] CPU=95.9643% Mem=6.02734MB TPS=26502
[2026-03-08 11:56:43][WARN] [ALARM] CPU warning: 95.964306%
[2026-03-08 11:56:43][ERROR] [ALARM] TPS too high: 26502
[2026-03-08 11:56:44][INFO] [Monitor] CPU=87.9692% Mem=8.26562MB TPS=28361
[2026-03-08 11:56:44][WARN] [ALARM] CPU warning: 87.969209%
[2026-03-08 11:56:44][ERROR] [ALARM] TPS too high: 28361
[2026-03-08 11:56:45][INFO] [Monitor] CPU=87.9121% Mem=9.96484MB TPS=22221
[2026-03-08 11:56:45][WARN] [ALARM] CPU warning: 87.912115%
[2026-03-08 11:56:45][ERROR] [ALARM] TPS too high: 22221
[2026-03-08 11:56:46][INFO] [Monitor] CPU=86.9686% Mem=11.8555MB TPS=24328
[2026-03-08 11:56:46][WARN] [ALARM] CPU warning: 86.968571%
[2026-03-08 11:56:46][ERROR] [ALARM] TPS too high: 24328
[2026-03-08 11:56:47][INFO] [Monitor] CPU=88.769% Mem=14.1094MB TPS=29018
[2026-03-08 11:56:47][WARN] [ALARM] CPU warning: 88.769021%
[2026-03-08 11:56:47][ERROR] [ALARM] TPS too high: 29018
[2026-03-08 11:56:48][INFO] [Monitor] CPU=80.9696% Mem=16.3438MB TPS=28734
[2026-03-08 11:56:48][WARN] [ALARM] CPU warning: 80.969616%
[2026-03-08 11:56:48][ERROR] [ALARM] TPS too high: 28734
[2026-03-08 11:56:49][INFO] [Monitor] CPU=81.9791% Mem=18.7891MB TPS=31453
[2026-03-08 11:56:49][WARN] [ALARM] CPU warning: 81.979088%
[2026-03-08 11:56:49][ERROR] [ALARM] TPS too high: 31453
[2026-03-08 11:56:50][INFO] [Monitor] CPU=74.9509% Mem=20.3867MB TPS=20573
[2026-03-08 11:56:51][INFO] [Monitor] CPU=70.8692% Mem=21.8516MB TPS=18864
[2026-03-08 11:56:51][WARN] [ALARM] TPS warning: 18864
[2026-03-08 11:56:52][INFO] [Monitor] CPU=73.8735% Mem=23.4336MB TPS=20281
[2026-03-08 11:56:52][ERROR] [ALARM] TPS too high: 20281
[2026-03-08 11:56:53][INFO] [Monitor] CPU=72.9482% Mem=24.832MB TPS=18018
[2026-03-08 11:56:53][WARN] [ALARM] TPS warning: 18018
[2026-03-08 11:56:54][INFO] [Monitor] CPU=74.9295% Mem=26.4062MB TPS=20286
[2026-03-08 11:56:55][INFO] [Monitor] CPU=70.9256% Mem=27.9375MB TPS=19673
[2026-03-08 11:56:55][WARN] [ALARM] TPS warning: 19673
[2026-03-08 11:56:56][INFO] [Monitor] CPU=82.9667% Mem=29.8164MB TPS=24184
[2026-03-08 11:56:57][INFO] [Monitor] CPU=77.9551% Mem=31.6172MB TPS=23126
[2026-03-08 11:56:58][INFO] [Monitor] CPU=80.8932% Mem=33.1328MB TPS=19541
[2026-03-08 11:56:59][INFO] [Monitor] CPU=79.9321% Mem=34.6797MB TPS=19912
[2026-03-08 11:57:00][INFO] [Monitor] CPU=79.925% Mem=36.0977MB TPS=18192
[2026-03-08 11:57:01][INFO] [Monitor] CPU=77.9051% Mem=37.8398MB TPS=22488
[2026-03-08 11:57:01][ERROR] [ALARM] TPS too high: 22488
[2026-03-08 11:57:02][INFO] [Monitor] CPU=78.9439% Mem=39.6758MB TPS=23579
[2026-03-08 11:57:03][INFO] [Monitor] CPU=88.2213% Mem=41.3047MB TPS=20985
[2026-03-08 11:57:03][WARN] [ALARM] CPU warning: 88.221296%
[2026-03-08 11:57:03][ERROR] [ALARM] TPS too high: 20985
[2026-03-08 11:57:04][INFO] [Monitor] CPU=75.8426% Mem=42.6094MB TPS=16775
[2026-03-08 11:57:04][WARN] [ALARM] TPS warning: 16775
[2026-03-08 11:57:05][INFO] [Monitor] CPU=79.9659% Mem=43.5781MB TPS=12475
[2026-03-08 11:57:05][WARN] [ALARM] TPS warning: 12475
[2026-03-08 11:57:06][INFO] [Monitor] CPU=80.9595% Mem=44.4609MB TPS=11366
[2026-03-08 11:57:07][INFO] [Monitor] CPU=84.9017% Mem=45.3359MB TPS=11254
[2026-03-08 11:57:08][INFO] [Monitor] CPU=73.7022% Mem=46.1836MB TPS=10926
[2026-03-08 11:57:08][WARN] [ALARM] TPS warning: 10926
[2026-03-08 11:57:09][INFO] [Monitor] CPU=76.9816% Mem=47.0195MB TPS=10735
[2026-03-08 11:57:09][WARN] [ALARM] TPS warning: 10735
[2026-03-08 11:57:10][INFO] [Monitor] CPU=72.7048% Mem=47.9062MB TPS=11380
[2026-03-08 11:57:10][WARN] [ALARM] TPS warning: 11380
[2026-03-08 11:57:11][INFO] [Monitor] CPU=78.9074% Mem=48.7852MB TPS=11342
[2026-03-08 11:57:11][WARN] [ALARM] TPS warning: 11342
[2026-03-08 11:57:12][INFO] [Monitor] CPU=74.9518% Mem=49.668MB TPS=11323
[2026-03-08 11:57:12][WARN] [ALARM] TPS warning: 11323
[2026-03-08 11:57:13][INFO] [Monitor] CPU=78.8969% Mem=50.6641MB TPS=12852
[2026-03-08 11:57:13][WARN] [ALARM] TPS warning: 12852
[2026-03-08 11:57:14][INFO] [Monitor] CPU=70.9598% Mem=51.5234MB TPS=11011
[2026-03-08 11:57:15][INFO] [Monitor] CPU=77.8891% Mem=52.3477MB TPS=10606
[2026-03-08 11:57:15][WARN] [ALARM] TPS warning: 10606
[2026-03-08 11:57:16][INFO] [Monitor] CPU=81.8388% Mem=53.2969MB TPS=12269
[2026-03-08 11:57:16][WARN] [ALARM] CPU warning: 81.838753%
[2026-03-08 11:57:16][WARN] [ALARM] TPS warning: 12269
[2026-03-08 11:57:17][INFO] [Monitor] CPU=75.884% Mem=54.2461MB TPS=12194
[2026-03-08 11:57:17][WARN] [ALARM] TPS warning: 12194
[2026-03-08 11:57:18][INFO] [Monitor] CPU=79.9332% Mem=55.2734MB TPS=13207
[2026-03-08 11:57:18][WARN] [ALARM] TPS warning: 13207
[2026-03-08 11:57:19][INFO] [Monitor] CPU=74.834% Mem=56.1562MB TPS=11333
[2026-03-08 11:57:19][WARN] [ALARM] TPS warning: 11333
[2026-03-08 11:57:20][INFO] [Monitor] CPU=76.758% Mem=57.1133MB TPS=12337
[2026-03-08 11:57:20][WARN] [ALARM] TPS warning: 12337
[2026-03-08 11:57:21][INFO] [Monitor] CPU=75.8595% Mem=58.0508MB TPS=12075
[2026-03-08 11:57:21][WARN] [ALARM] TPS warning: 12075
[2026-03-08 11:57:22][INFO] [Monitor] CPU=81.8197% Mem=58.9219MB TPS=11206
[2026-03-08 11:57:23][INFO] [Monitor] CPU=76.639% Mem=59.7383MB TPS=10528
[2026-03-08 11:57:23][WARN] [ALARM] TPS warning: 10528
[2026-03-08 11:57:24][INFO] [Monitor] CPU=78.5008% Mem=60.5859MB TPS=10857
[2026-03-08 11:57:25][INFO] [Monitor] CPU=74.7228% Mem=61.4961MB TPS=11755
[2026-03-08 11:57:26][INFO] [Monitor] CPU=72.8278% Mem=62.3242MB TPS=10628
[2026-03-08 11:57:26][WARN] [ALARM] TPS warning: 10628
[2026-03-08 11:57:27][INFO] [Monitor] CPU=71.9818% Mem=63.0781MB TPS=9698
[2026-03-08 11:57:28][INFO] [Monitor] CPU=81.872% Mem=63.957MB TPS=11326
[2026-03-08 11:57:28][WARN] [ALARM] CPU warning: 81.872006%
[2026-03-08 11:57:28][WARN] [ALARM] TPS warning: 11326
[2026-03-08 11:57:29][INFO] [Monitor] CPU=70.9272% Mem=64.9219MB TPS=12391
[2026-03-08 11:57:29][WARN] [ALARM] TPS warning: 12391
[2026-03-08 11:57:30][INFO] [Monitor] CPU=71.9734% Mem=66.5195MB TPS=20564
[2026-03-08 11:57:30][ERROR] [ALARM] TPS too high: 20564
[2026-03-08 11:57:31][INFO] [Monitor] CPU=82.9557% Mem=68.1133MB TPS=20491
[2026-03-08 11:57:31][WARN] [ALARM] CPU warning: 82.955690%
[2026-03-08 11:57:31][ERROR] [ALARM] TPS too high: 20491
[2026-03-08 11:57:32][INFO] [Monitor] CPU=83.8829% Mem=69.6602MB TPS=19891
[2026-03-08 11:57:32][WARN] [ALARM] CPU warning: 83.882865%
[2026-03-08 11:57:32][WARN] [ALARM] TPS warning: 19891
[2026-03-08 11:57:33][INFO] [Monitor] CPU=83.927% Mem=71.3477MB TPS=21715
[2026-03-08 11:57:33][WARN] [ALARM] CPU warning: 83.927009%
[2026-03-08 11:57:33][ERROR] [ALARM] TPS too high: 21715
[2026-03-08 11:57:34][INFO] [Monitor] CPU=81.93% Mem=72.9883MB TPS=21084
[2026-03-08 11:57:34][WARN] [ALARM] CPU warning: 81.929976%
[2026-03-08 11:57:34][ERROR] [ALARM] TPS too high: 21084
[2026-03-08 11:57:35][INFO] [Monitor] CPU=72.8652% Mem=74.5703MB TPS=20395
[2026-03-08 11:57:35][ERROR] [ALARM] TPS too high: 20395
[2026-03-08 11:57:36][INFO] [Monitor] CPU=74.9534% Mem=76.2148MB TPS=21283
[2026-03-08 11:57:36][ERROR] [ALARM] TPS too high: 21283
[2026-03-08 11:57:37][INFO] [Monitor] CPU=3.99271% Mem=76.2461MB TPS=529
[2026-03-08 11:57:38][INFO] [Monitor] CPU=0% Mem=76.2461MB TPS=0
[2026-03-08 11:57:39][INFO] [Monitor] CPU=0% Mem=76.2461MB TPS=0
[2026-03-08 11:57:40][INFO] [Monitor] CPU=0.999111% Mem=76.2461MB TPS=0
[2026-03-08 11:57:41][INFO] [Monitor] CPU=0% Mem=76.2461MB TPS=0
[2026-03-08 11:57:42][INFO] [Monitor] CPU=0% Mem=76.2461MB TPS=0
[2026-03-08 11:57:43][INFO] [Monitor] CPU=0% Mem=76.2461MB TPS=0
[2026-03-08 11:57:44][INFO] [Monitor] CPU=1.99849% Mem=76.2461MB TPS=0
[2026-03-08 11:57:45][INFO] [Monitor] CPU=0% Mem=76.2461MB TPS=0
[2026-03-08 11:57:46][INFO] [Monitor] CPU=0% Mem=76.2461MB TPS=0
[2026-03-08 11:57:47][INFO] [Monitor] CPU=0% Mem=76.2461MB TPS=0
[2026-03-08 11:57:48][INFO] [Monitor] CPU=0.994292% Mem=76.2461MB TPS=0
[2026-03-08 11:57:49][INFO] [Monitor] CPU=0% Mem=76.2461MB TPS=0
[2026-03-08 11:57:50][INFO] [Monitor] CPU=0.994806% Mem=76.2461MB TPS=0
[2026-03-08 11:57:51][INFO] [Monitor] CPU=0% Mem=76.2461MB TPS=0
[2026-03-08 11:57:52][INFO] [Monitor] CPU=0.999703% Mem=76.2461MB TPS=0
[2026-03-08 11:57:53][INFO] [Monitor] CPU=0% Mem=76.2461MB TPS=0
[2026-03-08 11:57:54][INFO] [Monitor] CPU=0% Mem=76.2461MB TPS=0
[2026-03-08 11:57:55][INFO] [Monitor] CPU=0% Mem=76.2461MB TPS=0
[2026-03-08 11:57:56][INFO] [Monitor] CPU=0.998762% Mem=76.2461MB TPS=0
[2026-03-08 11:57:57][INFO] [Monitor] CPU=0% Mem=76.2461MB TPS=0
[2026-03-08 11:57:58][INFO] [Monitor] CPU=0.996859% Mem=76.2461MB TPS=0
[2026-03-08 11:57:59][INFO] [Monitor] CPU=0.99887% Mem=76.2461MB TPS=0
[2026-03-08 11:58:00][INFO] [Monitor] CPU=0% Mem=76.2461MB TPS=0
[2026-03-08 11:58:01][INFO] [Monitor] CPU=0% Mem=76.2461MB TPS=0
[2026-03-08 11:58:02][INFO] [Monitor] CPU=0.993673% Mem=76.2461MB TPS=0
[2026-03-08 11:58:03][INFO] [Monitor] CPU=0% Mem=76.2461MB TPS=0
[2026-03-08 11:58:04][INFO] [Monitor] CPU=0% Mem=76.2461MB TPS=0
[2026-03-08 11:58:05][INFO] [Monitor] CPU=0.999366% Mem=76.2461MB TPS=0
[2026-03-08 11:58:06][INFO] [Monitor] CPU=0% Mem=76.2461MB TPS=0
[2026-03-08 11:58:07][INFO] [Monitor] CPU=0% Mem=76.2461MB TPS=0
[2026-03-08 11:58:08][INFO] [Monitor] CPU=0.99766% Mem=76.2461MB TPS=0
[2026-03-08 11:58:09][INFO] [Monitor] CPU=0.989576% Mem=76.2461MB TPS=0
[2026-03-08 11:58:10][INFO] [Monitor] CPU=0% Mem=76.2461MB TPS=0
[2026-03-08 11:58:11][INFO] [Monitor] CPU=0.998045% Mem=76.2461MB TPS=0
[2026-03-08 11:58:12][INFO] [Monitor] CPU=0% Mem=76.2461MB TPS=0
[2026-03-08 11:58:13][INFO] [Monitor] CPU=0% Mem=76.2461MB TPS=0
[2026-03-08 11:58:14][INFO] [Monitor] CPU=0% Mem=76.2461MB TPS=0
[2026-03-08 11:58:15][INFO] [Monitor] CPU=0.998842% Mem=76.2461MB TPS=0
[2026-03-08 11:58:16][INFO] [Monitor] CPU=0.996045% Mem=76.2461MB TPS=0
[2026-03-08 11:58:17][INFO] [Monitor] CPU=0% Mem=76.2461MB TPS=0
[2026-03-08 11:58:18][INFO] [Monitor] CPU=0% Mem=76.2461MB TPS=0
[2026-03-08 11:58:19][INFO] [Monitor] CPU=0.999562% Mem=76.2461MB TPS=0
[2026-03-08 11:58:20][INFO] [Monitor] CPU=0% Mem=76.2461MB TPS=0
[2026-03-08 11:58:21][INFO] [Monitor] CPU=0% Mem=76.2461MB TPS=0
[2026-03-08 11:58:22][INFO] [Monitor] CPU=0.999654% Mem=76.2461MB TPS=0
[2026-03-08 11:58:23][INFO] [Monitor] CPU=0% Mem=76.2461MB TPS=0
[2026-03-08 11:58:24][INFO] [Monitor] CPU=0% Mem=76.2461MB TPS=0
[2026-03-08 11:58:25][INFO] [Monitor] CPU=0% Mem=76.2461MB TPS=0
[2026-03-08 11:58:26][INFO] [Monitor] CPU=0% Mem=76.2461MB TPS=0
[2026-03-08 11:58:27][INFO] [Monitor] CPU=0.999067% Mem=76.2461MB TPS=0
[2026-03-08 11:58:28][INFO] [Monitor] CPU=0.999573% Mem=76.2461MB TPS=0
[2026-03-08 11:58:29][INFO] [Monitor] CPU=0% Mem=76.2461MB TPS=0
[2026-03-08 11:58:30][INFO] [Monitor] CPU=0% Mem=76.2461MB TPS=0
[2026-03-08 11:58:31][INFO] [Monitor] CPU=0% Mem=76.2461MB TPS=0
[2026-03-08 11:58:32][INFO] [Monitor] CPU=0.998749% Mem=76.2461MB TPS=0
[2026-03-08 11:58:33][INFO] [Monitor] CPU=0% Mem=76.2461MB TPS=0
[2026-03-08 11:58:34][INFO] [Monitor] CPU=0% Mem=76.2461MB TPS=0
[2026-03-08 11:58:35][INFO] [Monitor] CPU=0% Mem=76.2461MB TPS=0
[2026-03-08 11:58:36][INFO] [Monitor] CPU=0.9983% Mem=76.2461MB TPS=0
[2026-03-08 11:58:37][INFO] [Monitor] CPU=0.999031% Mem=76.2461MB TPS=0
[2026-03-08 11:58:38][INFO] [Monitor] CPU=0% Mem=76.2461MB TPS=0
[2026-03-08 11:58:39][INFO] [Monitor] CPU=0% Mem=76.2461MB TPS=0
[2026-03-08 11:58:40][INFO] [Monitor] CPU=0.997881% Mem=76.2461MB TPS=0
[2026-03-08 11:58:41][INFO] [Monitor] CPU=0% Mem=76.2461MB TPS=0
[2026-03-08 11:58:42][INFO] [Monitor] CPU=0.997633% Mem=76.2461MB TPS=0
[2026-03-08 11:58:43][INFO] Shutting down...
[2026-03-08 11:58:43][INFO] [Monitor] CPU=0% Mem=76.2461MB TPS=0
[2026-03-08 11:58:45][INFO] [Server] stopped.
[2026-03-08 11:58:45][INFO] [Server] Total requests: 1000000
[2026-03-08 11:58:45][INFO] Server exited gracefully.
[2026-03-08 13:07:32][INFO] [ThreadPool] resized to 4 threads
[2026-03-08 13:07:32][INFO] [Server] listening on port 8080
[2026-03-08 13:07:33][INFO] [Monitor] CPU=0% Mem=3.47266MB TPS=0
[2026-03-08 13:07:33][INFO] [ConfigManager] thread_num: 4 -> 2
[2026-03-08 13:07:33][INFO] [ThreadPool] resized to 2 threads
[2026-03-08 13:07:33][INFO] [AsyncLogger] log level updated
[2026-03-08 13:07:34][INFO] [Monitor] CPU=0% Mem=3.69141MB TPS=0
[2026-03-08 13:07:35][INFO] [Monitor] CPU=0% Mem=3.69531MB TPS=0
[2026-03-08 13:07:36][INFO] [Monitor] CPU=0% Mem=3.69531MB TPS=0
[2026-03-08 13:07:37][INFO] [Monitor] CPU=0.999231% Mem=3.69531MB TPS=0
[2026-03-08 13:07:38][INFO] [Monitor] CPU=0% Mem=3.69531MB TPS=0
[2026-03-08 13:07:39][INFO] [Monitor] CPU=0% Mem=3.69531MB TPS=0
[2026-03-08 13:07:40][INFO] [Monitor] CPU=78.9256% Mem=5.50391MB TPS=20225
[2026-03-08 13:07:40][WARN] [ALARM] TPS warning: 20225
[2026-03-08 13:07:41][INFO] [Monitor] CPU=89.9645% Mem=7.08203MB TPS=20298
[2026-03-08 13:07:41][WARN] [ALARM] TPS warning: 20298
[2026-03-08 13:07:42][INFO] [Monitor] CPU=96.9496% Mem=8.85547MB TPS=22812
[2026-03-08 13:07:42][WARN] [ALARM] TPS warning: 22812
[2026-03-08 13:07:43][INFO] [Monitor] CPU=94.9728% Mem=10.7383MB TPS=24207
[2026-03-08 13:07:43][WARN] [ALARM] TPS warning: 24207
[2026-03-08 13:07:44][INFO] [Monitor] CPU=98.9414% Mem=12.8281MB TPS=26906
[2026-03-08 13:07:44][WARN] [ALARM] TPS warning: 26906
[2026-03-08 13:07:45][INFO] [Monitor] CPU=72.8478% Mem=14.5156MB TPS=21724
[2026-03-08 13:07:45][WARN] [ALARM] TPS warning: 21724
[2026-03-08 13:07:46][INFO] [Monitor] CPU=75.9693% Mem=15.8359MB TPS=16969
[2026-03-08 13:07:47][INFO] [Monitor] CPU=79.9379% Mem=17.3359MB TPS=19326
[2026-03-08 13:07:48][INFO] [Monitor] CPU=75.7552% Mem=18.8086MB TPS=18956
[2026-03-08 13:07:49][INFO] [Monitor] CPU=79.7225% Mem=20.8516MB TPS=26298
[2026-03-08 13:07:50][INFO] [Monitor] CPU=79.9394% Mem=22.6758MB TPS=23375
[2026-03-08 13:07:50][WARN] [ALARM] TPS warning: 23375
[2026-03-08 13:07:51][INFO] [Monitor] CPU=80.6489% Mem=24.5547MB TPS=24203
[2026-03-08 13:07:51][WARN] [ALARM] TPS warning: 24203
[2026-03-08 13:07:52][INFO] [Monitor] CPU=79.9287% Mem=26.2656MB TPS=22061
[2026-03-08 13:07:52][WARN] [ALARM] TPS warning: 22061
[2026-03-08 13:07:53][INFO] [Monitor] CPU=2.99409% Mem=26.3086MB TPS=546
[2026-03-08 13:07:54][INFO] [Monitor] CPU=0% Mem=26.3086MB TPS=0
[2026-03-08 13:07:55][INFO] [Monitor] CPU=0.999103% Mem=26.3086MB TPS=0
[2026-03-08 13:07:55][INFO] Shutting down...
[2026-03-08 13:07:56][INFO] [Monitor] CPU=0% Mem=26.3086MB TPS=0
[2026-03-08 13:07:56][INFO] [Server] stopped.
[2026-03-08 13:08:14][INFO] [ThreadPool] resized to 4 threads
[2026-03-08 13:08:14][INFO] [Server] listening on port 8080
[2026-03-08 13:08:15][INFO] [Monitor] CPU=0% Mem=3.5MB TPS=0
[2026-03-08 13:08:15][INFO] [ConfigManager] thread_num: 4 -> 2
[2026-03-08 13:08:15][INFO] [ThreadPool] resized to 2 threads
[2026-03-08 13:08:15][INFO] [AsyncLogger] log level updated
[2026-03-08 13:08:16][INFO] [Monitor] CPU=0% Mem=3.71484MB TPS=0
[2026-03-08 13:08:17][INFO] [Monitor] CPU=0% Mem=3.71875MB TPS=0
[2026-03-08 13:08:18][INFO] [Monitor] CPU=0.999054% Mem=3.71875MB TPS=0
[2026-03-08 13:08:19][INFO] [Monitor] CPU=0% Mem=3.71875MB TPS=0
[2026-03-08 13:08:20][INFO] [Monitor] CPU=0% Mem=3.71875MB TPS=0
[2026-03-08 13:08:21][INFO] [Monitor] CPU=0% Mem=3.71875MB TPS=0
[2026-03-08 13:08:22][INFO] [Monitor] CPU=0.991111% Mem=3.71875MB TPS=0
[2026-03-08 13:08:22][INFO] Shutting down...
[2026-03-08 13:08:23][INFO] [Monitor] CPU=0% Mem=3.71875MB TPS=0
[2026-03-08 13:08:24][INFO] [Server] stopped.
[2026-03-08 13:08:24][INFO] [Server] Total requests: 0
[2026-03-08 13:08:24][INFO] Server exited gracefully.
