[2026-05-14 11:23:06][INFO] [ThreadPool] resized to 4 threads
[2026-05-14 11:23:07][INFO] [Monitor] CPU=0% Mem=4.01562MB TPS=0
[2026-05-14 11:23:07][INFO] [AsyncLogger] log level updated
[2026-05-14 11:23:08][INFO] [Monitor] CPU=0% Mem=4.10938MB TPS=0
[2026-05-14 11:23:09][INFO] [Monitor] CPU=0.9991% Mem=4.14453MB TPS=85
[2026-05-14 11:23:10][INFO] [Monitor] CPU=40.8786% Mem=4.17969MB TPS=5465
[2026-05-14 11:23:11][INFO] [Monitor] CPU=45.9678% Mem=4.18359MB TPS=8472
[2026-05-14 11:23:12][INFO] [Monitor] CPU=42.8891% Mem=4.18359MB TPS=7435
[2026-05-14 11:23:13][INFO] [Monitor] CPU=43.9672% Mem=4.18359MB TPS=8955
[2026-05-14 11:23:14][INFO] [Monitor] CPU=38.986% Mem=4.19141MB TPS=7328
[2026-05-14 11:23:15][INFO] [Monitor] CPU=47.9841% Mem=4.19141MB TPS=6905
[2026-05-14 11:23:16][INFO] [Monitor] CPU=42.9631% Mem=4.19141MB TPS=5822
[2026-05-14 11:23:17][INFO] [Monitor] CPU=40.9816% Mem=4.19141MB TPS=5638
[2026-05-14 11:23:18][INFO] [Monitor] CPU=34.9733% Mem=4.19141MB TPS=4997
[2026-05-14 11:23:19][INFO] [Monitor] CPU=44.917% Mem=4.19141MB TPS=5830
[2026-05-14 11:23:20][INFO] [Monitor] CPU=26.9527% Mem=4.19141MB TPS=4169
[2026-05-14 11:23:21][INFO] [Monitor] CPU=30.9827% Mem=4.19141MB TPS=3358
[2026-05-14 11:23:22][INFO] [Monitor] CPU=35.9215% Mem=4.19141MB TPS=4436
[2026-05-14 11:23:23][INFO] [Monitor] CPU=44.9195% Mem=4.19141MB TPS=5675
[2026-05-14 11:23:24][INFO] [Monitor] CPU=35.9557% Mem=4.19141MB TPS=5714
[2026-05-14 11:23:25][INFO] [Monitor] CPU=38.9597% Mem=4.19141MB TPS=4950
[2026-05-14 11:23:26][INFO] [Monitor] CPU=51.895% Mem=4.19141MB TPS=8024
[2026-05-14 11:23:27][INFO] [Monitor] CPU=43.9302% Mem=4.19141MB TPS=7488
[2026-05-14 11:23:28][INFO] [Monitor] CPU=40.981% Mem=4.19141MB TPS=4259
[2026-05-14 11:23:29][INFO] [Monitor] CPU=38.6922% Mem=4.19141MB TPS=5781
[2026-05-14 11:23:30][INFO] [Monitor] CPU=43.9447% Mem=4.19141MB TPS=5822
[2026-05-14 11:23:31][INFO] [Monitor] CPU=44.9635% Mem=4.19141MB TPS=5903
[2026-05-14 11:23:32][INFO] [Monitor] CPU=46.98% Mem=4.19141MB TPS=6470
[2026-05-14 11:23:33][INFO] [Monitor] CPU=43.9846% Mem=4.19141MB TPS=6255
[2026-05-14 11:23:34][INFO] [Monitor] CPU=46.9411% Mem=4.19141MB TPS=7173
[2026-05-14 11:23:35][INFO] [Monitor] CPU=39.9867% Mem=4.19141MB TPS=5431
[2026-05-14 11:23:36][INFO] [Monitor] CPU=38.9804% Mem=4.19141MB TPS=6182
[2026-05-14 11:23:36][INFO] [ConfigManager] thread_num: 4 -> 2
[2026-05-14 11:23:36][INFO] [ThreadPool] resized to 2 threads
[2026-05-14 11:23:36][INFO] [AsyncLogger] log level updated
[2026-05-14 11:23:37][INFO] [Monitor] CPU=37.979% Mem=4.19141MB TPS=5168
[2026-05-14 11:23:38][INFO] [Monitor] CPU=32.9342% Mem=4.19141MB TPS=4334
[2026-05-14 11:23:39][INFO] [Monitor] CPU=36.993% Mem=4.19141MB TPS=4756
[2026-05-14 11:23:40][INFO] [Monitor] CPU=34.9534% Mem=4.19141MB TPS=4772
[2026-05-14 11:23:41][INFO] [Monitor] CPU=33.947% Mem=4.19141MB TPS=5364
[2026-05-14 11:23:42][INFO] [Monitor] CPU=45.909% Mem=4.19141MB TPS=6807
[2026-05-14 11:23:43][INFO] [Monitor] CPU=49.9689% Mem=4.19141MB TPS=6583
[2026-05-14 11:23:44][INFO] [Monitor] CPU=33.9357% Mem=4.19141MB TPS=5547
[2026-05-14 11:23:45][INFO] [Monitor] CPU=33.9541% Mem=4.19141MB TPS=4706
[2026-05-14 11:23:46][INFO] [Monitor] CPU=41.9825% Mem=4.19141MB TPS=5740
[2026-05-14 11:23:47][INFO] [Monitor] CPU=48.9556% Mem=4.19141MB TPS=7944
[2026-05-14 11:23:48][INFO] [Monitor] CPU=45.9639% Mem=4.19141MB TPS=8595
[2026-05-14 11:23:49][INFO] [Monitor] CPU=45.9754% Mem=4.19141MB TPS=7429
[2026-05-14 11:23:50][INFO] [Monitor] CPU=42.9341% Mem=4.19141MB TPS=6321
[2026-05-14 11:23:51][INFO] [Monitor] CPU=40.9409% Mem=4.19141MB TPS=5263
[2026-05-14 11:23:52][INFO] [Monitor] CPU=41.9791% Mem=4.19141MB TPS=5544
[2026-05-14 11:24:10][INFO] [AsyncLogger] log level updated
[2026-05-14 11:24:11][INFO] [Monitor] CPU=45.9825% Mem=4.20312MB TPS=6381
[2026-05-14 11:24:12][INFO] [Monitor] CPU=33.9656% Mem=4.20312MB TPS=4288
[2026-05-14 11:24:13][INFO] [Monitor] CPU=43.9862% Mem=4.20312MB TPS=6365
[2026-05-14 11:24:14][INFO] [Monitor] CPU=47.9668% Mem=4.20312MB TPS=7905
[2026-05-14 11:24:15][INFO] [Monitor] CPU=41.8362% Mem=4.20312MB TPS=7861
[2026-05-14 11:24:16][INFO] [Monitor] CPU=42.9366% Mem=4.20312MB TPS=7109
[2026-05-14 11:24:17][INFO] [Monitor] CPU=49.8749% Mem=4.20312MB TPS=7586
[2026-05-14 11:24:18][INFO] [Monitor] CPU=40.9806% Mem=4.20312MB TPS=6965
[2026-05-14 11:24:19][INFO] [Monitor] CPU=41.9422% Mem=4.20312MB TPS=7240
[2026-05-14 11:24:20][INFO] [Monitor] CPU=44.8888% Mem=4.20312MB TPS=7169
[2026-05-14 11:24:21][INFO] [Monitor] CPU=34.861% Mem=4.20312MB TPS=6924
[2026-05-14 11:24:22][INFO] [Monitor] CPU=41.9482% Mem=4.20312MB TPS=5454
[2026-05-14 11:24:23][INFO] [Monitor] CPU=42.9226% Mem=4.20312MB TPS=7372
[2026-05-14 11:24:24][INFO] [Monitor] CPU=47.9344% Mem=4.20312MB TPS=6327
[2026-05-14 11:24:25][INFO] [Monitor] CPU=52.7446% Mem=4.20312MB TPS=6474
[2026-05-14 11:24:26][INFO] [Monitor] CPU=37.9392% Mem=4.20312MB TPS=4683
[2026-05-14 11:24:27][INFO] [Monitor] CPU=35.9804% Mem=4.20312MB TPS=5544
[2026-05-14 11:24:28][INFO] [Monitor] CPU=30.9198% Mem=4.20312MB TPS=5198
[2026-05-14 11:24:29][INFO] [Monitor] CPU=26.9143% Mem=4.20312MB TPS=3953
[2026-05-14 11:24:30][INFO] [Monitor] CPU=28.8811% Mem=4.20312MB TPS=5296
[2026-05-14 11:24:31][INFO] [Monitor] CPU=31.8358% Mem=4.20312MB TPS=5485
[2026-05-14 11:24:32][INFO] [Monitor] CPU=10.9843% Mem=4.20312MB TPS=1646
[2026-05-14 11:24:33][INFO] [Monitor] CPU=0% Mem=4.20312MB TPS=0
[2026-05-14 11:24:34][INFO] [Monitor] CPU=0% Mem=4.20312MB TPS=0
[2026-05-14 11:24:35][INFO] [Monitor] CPU=0.999616% Mem=4.20312MB TPS=0
[2026-05-14 11:24:36][INFO] [Monitor] CPU=0% Mem=4.20312MB TPS=0
[2026-05-14 11:24:37][INFO] [Monitor] CPU=0% Mem=4.20312MB TPS=0
[2026-05-14 11:24:38][INFO] [Monitor] CPU=0.998728% Mem=4.20312MB TPS=0
[2026-05-14 11:24:39][INFO] [Monitor] CPU=0% Mem=4.20312MB TPS=0
[2026-05-14 11:24:40][INFO] [Monitor] CPU=0% Mem=4.20312MB TPS=0
[2026-05-14 11:24:41][INFO] [Monitor] CPU=0.9988% Mem=4.20312MB TPS=0
[2026-05-14 11:24:41][INFO] Shutting down...
[2026-05-14 11:24:42][INFO] [Monitor] CPU=0% Mem=4.20312MB TPS=0
[2026-05-14 11:24:44][INFO] [Server] stopped.
[2026-05-14 11:24:44][INFO] [Server] Total requests: 504000
[2026-05-14 11:24:44][INFO] Server exited gracefully.
